Script started on Mon 15 Jan 2018 01:35:58 AM JST$
^[]0;root@B14069:/inotify^G^[[?1034h2018-01-15T01:35:58 root@B14069 /inotify# cd c^H^[[K$
^[]0;root@B14069:~^G2018-01-15T01:36:06 root@B14069 ~# ls$
anaconda-ks.cfg  install.log  install.log.syslog$
^[]0;root@B14069:~^G2018-01-15T01:36:07 root@B14069 ~# cd /$
^[]0;root@B14069:/^G2018-01-15T01:36:09 root@B14069 /# ls$
bin   dev  git   inotify  lib64       media  node_modules  package-lock.json  root  selinux  sys  usr$
boot  etc  home  lib      lost+found  mnt    opt           proc               sbin  srv      tmp  var$
^[]0;root@B14069:/^G2018-01-15T01:36:10 root@B14069 /# yum list | greap ^H^[[K^H^[[K^H^[[Kp httpd$
httpd.x86_64                                2.2.15-60.el6.centos.6       @updates$
httpd-tools.x86_64                          2.2.15-60.el6.centos.6       @updates$
httpd-devel.i686                            2.2.15-60.el6.centos.6       updates$
httpd-devel.x86_64                          2.2.15-60.el6.centos.6       updates$
httpd-itk.x86_64                            2.2.22-7.el6                 epel   $
httpd-manual.noarch                         2.2.15-60.el6.centos.6       updates$
iipsrv-httpd-fcgi.noarch                    1.0.0-1.0.el6                epel   $
libmicrohttpd.i686                          0.9.33-4.el6                 base   $
libmicrohttpd.x86_64                        0.9.33-4.el6                 base   $
libmicrohttpd-devel.i686                    0.9.33-4.el6                 base   $
libmicrohttpd-devel.x86_64                  0.9.33-4.el6                 base   $
libmicrohttpd-doc.noarch                    0.9.33-4.el6                 base   $
lighttpd.x86_64                             1.4.45-1.el6                 epel   $
lighttpd-fastcgi.x86_64                     1.4.45-1.el6                 epel   $
lighttpd-mod_authn_gssapi.x86_64            1.4.45-1.el6                 epel   $
lighttpd-mod_authn_mysql.x86_64             1.4.45-1.el6                 epel   $
lighttpd-mod_geoip.x86_64                   1.4.45-1.el6                 epel   $
lighttpd-mod_mysql_vhost.x86_64             1.4.45-1.el6                 epel   $
mirmon-httpd.noarch                         2.11-1.el6                   epel   $
python-mozhttpd.noarch                      0-0.3.gitb077641.el6         epel   $
python2-sphinxcontrib-httpdomain.noarch     1.5.0-3.el6                  epel   $
sysusage-httpd.noarch                       5.5-3.el6                    epel   $
viewvc-httpd.noarch                         1.1.26-1.el6                 epel   $
web-assets-httpd.noarch                     5-2.el6                      epel   $
^[]0;root@B14069:/^G2018-01-15T01:36:28 root@B14069 /# vim /var/log/cmd.log $
^[[?1049h^[[?1h^[=^[[2;1HM-bM-^VM-=^[[6n^[[2;1H  ^[[1;1H^[[1;44r^[[?12;25h^[[?12l^[[?25h^[[H^[[2J^[[?25l^[[44;1H"/var/log/cmd.log" [noeol] 35L, 3154C^[[>c^[[1;1HScript started on Mon 15 Jan 2018 01:35:58 AM JST$
^[]0;root@B14069:/inotify^G^[[?1034h2018-01-15T01:35:58 root@B14069 /inotify# cd c^H^[[K$
^[]0;root@B14069:~^G2018-01-15T01:36:06 root@B14069 ~# ls$
anaconda-ks.cfg  install.log  install.log.syslog$
^[]0;root@B14069:~^G2018-01-15T01:36:07 root@B14069 ~# cd /$
^[]0;root@B14069:/^G2018-01-15T01:36:09 root@B14069 /# ls$
^[[0m^[[38;5;27mbin^[[0m   ^[[38;5;27mdev^[[0m  ^[[38;5;27mgit^[[0m   ^[[38;5;27minotify^[[0m  ^[[38;5;27mlib64^[[0m^[[7C^[[38;5;27mmedia^[[0m  ^[[38;5;27mnn^[[8;1Hode_modules^[[0m  package-lock.json  ^[[38;5;27mroot^[[0m  ^[[38;5;27mselinux^[[0m  ^[[38;5;27msys^[[0m  ^[[38;5;27musr^[[0m$
^[[38;5;27mboot^[[0m  ^[[38;5;27metc^[[0m  ^[[38;5;27mhome^[[0m  ^[[38;5;27mlib^[[0m      ^[[38;5;27mlost+found^[[0m  ^[[38;5;27mmnt^[[0m    ^[[38;5;27mopt^[[[^[[10;1H0m^[[11C^[[38;5;27mproc^[[0m^[[15C^[[38;5;27msbin^[[0m  ^[[38;5;27msrv^[[0m      ^[[48;5;10;38;5;16mtmp^[[0m  ^[[38;5;27mvar^[[0m$
^[[m^[]0;root@B14069:/^G2018-01-15T01:36:10 root@B14069 /# yum list | greap ^H^[[K^H^[[K^H^[[Kp httpd$
httpd.x86_64^[[32C2.2.15-60.el6.centos.6^[[7C@updates$
httpd-tools.x86_64^[[26C2.2.15-60.el6.centos.6^[[7C@updates$
httpd-devel.i686^[[28C2.2.15-60.el6.centos.6^[[7Cupdates$
httpd-devel.x86_64^[[26C2.2.15-60.el6.centos.6^[[7Cupdates$
httpd-itk.x86_64^[[28C2.2.22-7.el6^[[17Cepel   $
httpd-manual.noarch^[[25C2.2.15-60.el6.centos.6^[[7Cupdates$
iipsrv-httpd-fcgi.noarch^[[20C1.0.0-1.0.el6^[[16Cepel   $
libmicrohttpd.i686^[[26C0.9.33-4.el6^[[17Cbase   $
libmicrohttpd.x86_64^[[24C0.9.33-4.el6^[[17Cbase   $
libmicrohttpd-devel.i686^[[20C0.9.33-4.el6^[[17Cbase   $
libmicrohttpd-devel.x86_64^[[18C0.9.33-4.el6^[[17Cbase   $
libmicrohttpd-doc.noarch^[[20C0.9.33-4.el6^[[17Cbase   $
lighttpd.x86_64^[[29C1.4.45-1.el6^[[17Cepel   $
lighttpd-fastcgi.x86_64^[[21C1.4.45-1.el6^[[17Cepel   $
lighttpd-mod_authn_gssapi.x86_64^[[12C1.4.45-1.el6^[[17Cepel   $
lighttpd-mod_authn_mysql.x86_64^[[13C1.4.45-1.el6^[[17Cepel   $
lighttpd-mod_geoip.x86_64^[[19C1.4.45-1.el6^[[17Cepel   $
lighttpd-mod_mysql_vhost.x86_64^[[13C1.4.45-1.el6^[[17Cepel   $
mirmon-httpd.noarch^[[25C2.11-1.el6^[[19Cepel   $
python-mozhttpd.noarch^[[22C0-0.3.gitb077641.el6^[[9Cepel   $
python2-sphinxcontrib-httpdomain.noarch     1.5.0-3.el6^[[18Cepel   $
sysusage-httpd.noarch^[[23C5.5-3.el6^[[20Cepel   $
viewvc-httpd.noarch^[[25C1.1.26-1.el6^[[17Cepel   $
web-assets-httpd.noarch^[[21C5-2.el6^[[22Cepel   $
^[]0;root@B14069:/^G2018-01-15T01:36:28 root@B14069 /# vim /var/log/cmd.log $
^[[?1049h^[[?1h^[=^[[2;1HM-bM-^VM-=^[[6n^[[2;1H  ^[[1;1H^[[1;44r^[[?12;25h^[[?12l^[[?25h^[[27m^[[m^[[H^[[2J^[[?25l^[[44;1H"/var/log/cmd.log"$
~                                                                                                                                                             ^[[39;1H~                                                                                                                                                             ^[[40;1H~                                                                                                                                                             ^[[41;1H~                                                                                                                                                             ^[[42;1H~                                                                                                                                                             ^[[43;1H~                                                                                                                                                             ^[[44;141H1,1^[[11CAll^[[1;1H^[[?12l^[[?25h^[[?25l^[[44;1H^[[K^[[44;1H:^[[?12l^[[?25hw^[[?25l^[[?12l^[[?25hq^[[?25l^[[?12l^[[?25h^[[?25l^[[44;3H^[[K^[[44;3H^[[?12l^[[?25h^[[?25l^[[44;2H^[[K^[[44;2H^[[?12l^[[?25h^H ^[[?25l^[[139C1,1^[[11CAll^[[1;1H^[[?12l^[[?25h^[[44;1H^[[44;141H^[[K^[[44;1H^[[?1l^[>^[[?1049l^[]0;root@B14069:/^G2018-01-15T01:37:06 root@B14069 /# Z^H^[[Kvim inotify/log/cm^Gd^G.^Glo^G^G^H^[[K^H^[[K^H^[[K^H^[[K^H^[[K^H^[[K^G^G^G^G^H^[[K^H^[[K^H^[[K^H^[[K^H^[[K^H^[[K^H^[[K^H^[[K^H^[[K^H^[[K^H^[[K^H^[[K^H^[[K^H^[[K^H^[[K^H^[[K^G^G^Gcd inotify/$
^[]0;root@B14069:/inotify^G2018-01-15T01:37:26 root@B14069 /inotify# ls$
inotify.js  log  node_modules  package.json  package-lock.json  shellscript$
^[]0;root@B14069:/inotify^G2018-01-15T01:37:27 root@B14069 /inotify# shellscript/cmd_log_insert.sh $
Script started on Mon 15 Jan 2018 02:27:50 AM JST$
^[]0;root@B14069:/^G^[[?1034h2018-01-15T02:27:50 root@B14069 /# yum -y install httpd$
Loaded plugins: fastestmirror, ovl$
Setting up Install Process$
Loading mirror speeds from cached hostfile$
 * base: mirror.vodien.com$
 * epel: mirrors.nipa.cloud$
 * extras: mirror.vodien.com$
 * updates: download.nus.edu.sg$
Resolving Dependencies$
--> Running transaction check$
---> Package httpd.x86_64 0:2.2.15-60.el6.centos.6 will be installed$
--> Processing Dependency: httpd-tools = 2.2.15-60.el6.centos.6 for package: httpd-2.2.15-60.el6.centos.6.x86_64$
--> Running transaction check$
---> Package httpd-tools.x86_64 0:2.2.15-60.el6.centos.6 will be installed$
--> Finished Dependency Resolution$
$
Dependencies Resolved$
$
==============================================================================================================================================================$
 Package                              Arch                            Version                                          Repository                        Size$
==============================================================================================================================================================$
Installing:$
 httpd                                x86_64                          2.2.15-60.el6.centos.6                           updates                          836 k$
Installing for dependencies:$
 httpd-tools                          x86_64                          2.2.15-60.el6.centos.6                           updates                           80 k$
$
Transaction Summary$
==============================================================================================================================================================$
Install       2 Package(s)$
$
Total download size: 916 k$
Installed size: 3.2 M$
Downloading Packages:$
(1/2): httpd-2.2.15-60.el6.centos.6.x86_64.rpm                (10%) 11% [=====-                                             ]  0.0 B/s |  93 kB     --:-- ETA (1/2): httpd-2.2.15-60.el6.centos.6.x86_64.rpm                (31%) 34% [=================-                                 ] 314 kB/s | 290 kB     00:01 ETA (1/2): httpd-2.2.15-60.el6.centos.6.x86_64.rpm                (56%) 61% [===============================-                   ] 341 kB/s | 518 kB     00:00 ETA (1/2): httpd-2.2.15-60.el6.centos.6.x86_64.rpm                (82%) 89% [=============================================-     ] 367 kB/s | 752 kB     00:00 ETA (1/2): httpd-2.2.15-60.el6.centos.6.x86_64.rpm                                                                                         | 836 kB     00:01     $
(2/2): httpd-tools-2.2.15-60.el6.centos.6.x86_64.rpm                                                                                   |  80 kB     00:00     $
--------------------------------------------------------------------------------------------------------------------------------------------------------------$
Total                                                                                                                         308 kB/s | 916 kB     00:02     $
Running rpm_check_debug$
Running Transaction Test$
Transaction Test Succeeded$
Running Transaction$
  Installing : httpd-tools-2.2.15-60.el6.centos.6.x86_64 [################################                                                              ] 1/2  Installing : httpd-tools-2.2.15-60.el6.centos.6.x86_64 [###########################################                                                   ] 1/2  Installing : httpd-tools-2.2.15-60.el6.centos.6.x86_64 [##################################################                                            ] 1/2  Installing : httpd-tools-2.2.15-60.el6.centos.6.x86_64 [############################################################                                  ] 1/2  Installing : httpd-tools-2.2.15-60.el6.centos.6.x86_64 [###################################################################                           ] 1/2  Installing : httpd-tools-2.2.15-60.el6.centos.6.x86_64 [######################################################################################        ] 1/2  Installing : httpd-tools-2.2.15-60.el6.centos.6.x86_64 [########################################################################################      ] 1/2  Installing : httpd-tools-2.2.15-60.el6.centos.6.x86_64 [##########################################################################################    ] 1/2  Installing : httpd-tools-2.2.15-60.el6.centos.6.x86_64 [###########################################################################################   ] 1/2  Installing : httpd-tools-2.2.15-60.el6.centos.6.x86_64 [############################################################################################# ] 1/2  Installing : httpd-tools-2.2.15-60.el6.centos.6.x86_64                                                                                                  1/2 $
  Installing : httpd-2.2.15-60.el6.centos.6.x86_64 [                                                                                                    ] 2/2  Installing : httpd-2.2.15-60.el6.centos.6.x86_64 [#                                                                                                   ] 2/2  Installing : httpd-2.2.15-60.el6.centos.6.x86_64 [##                                                                                                  ] 2/2  Installing : httpd-2.2.15-60.el6.centos.6.x86_64 [###                                                                                                 ] 2/2  Installing : httpd-2.2.15-60.el6.centos.6.x86_64 [####                                                                                                ] 2/2  Installing : httpd-2.2.15-60.el6.centos.6.x86_64 [#####                                                                                               ] 2/2  Installing : httpd-2.2.15-60.el6.centos.6.x86_64 [######                                                                                              ] 2/2  Installing : httpd-2.2.15-60.el6.centos.6.x86_64 [#######                                                                                             ] 2/2  Installing : httpd-2.2.15-60.el6.centos.6.x86_64 [########                                                                                            ] 2/2  Installing : httpd-2.2.15-60.el6.centos.6.x86_64 [#########                                                                                           ] 2/2  Installing : httpd-2.2.15-60.el6.centos.6.x86_64 [##########                                                                                          ] 2/2  Installing : httpd-2.2.15-60.el6.centos.6.x86_64 [###########                                                                                         ] 2/2  Installing : httpd-2.2.15-60.el6.centos.6.x86_64 [############                                                                                        ] 2/2  Installing : httpd-2.2.15-60.el6.centos.6.x86_64 [#############                                                                                       ] 2/2  Installing : httpd-2.2.15-60.el6.centos.6.x86_64 [###############                                                                                     ] 2/2  Installing : httpd-2.2.15-60.el6.centos.6.x86_64 [################                                                                                    ] 2/2  Installing : httpd-2.2.15-60.el6.centos.6.x86_64 [##################                                                                                  ] 2/2  Installing : httpd-2.2.15-60.el6.centos.6.x86_64 [###################                                                                                 ] 2/2  Installing : httpd-2.2.15-60.el6.centos.6.x86_64 [####################                                                                                ] 2/2  Installing : httpd-2.2.15-60.el6.centos.6.x86_64 [#####################                                                                               ] 2/2  Installing : httpd-2.2.15-60.el6.centos.6.x86_64 [######################                                                                              ] 2/2  Installing : httpd-2.2.15-60.el6.centos.6.x86_64 [#######################                                                                             ] 2/2  Installing : httpd-2.2.15-60.el6.centos.6.x86_64 [########################                                                                            ] 2/2  Installing : httpd-2.2.15-60.el6.centos.6.x86_64 [#########################                                                                           ] 2/2  Installing : httpd-2.2.15-60.el6.centos.6.x86_64 [##########################                                                                          ] 2/2  Installing : httpd-2.2.15-60.el6.centos.6.x86_64 [############################                                                                        ] 2/2  Installing : httpd-2.2.15-60.el6.centos.6.x86_64 [##############################                                                                      ] 2/2  Installing : httpd-2.2.15-60.el6.centos.6.x86_64 [###############################                                                                     ] 2/2  Installing : httpd-2.2.15-60.el6.centos.6.x86_64 [################################                                                                    ] 2/2  Installing : httpd-2.2.15-60.el6.centos.6.x86_64 [##################################                                                                  ] 2/2  Installing : httpd-2.2.15-60.el6.centos.6.x86_64 [####################################                                                                ] 2/2  Installing : httpd-2.2.15-60.el6.centos.6.x86_64 [#####################################                                                               ] 2/2  Installing : httpd-2.2.15-60.el6.centos.6.x86_64 [######################################                                                              ] 2/2  Installing : httpd-2.2.15-60.el6.centos.6.x86_64 [#######################################                                                             ] 2/2  Installing : httpd-2.2.15-60.el6.centos.6.x86_64 [########################################                                                            ] 2/2  Installing : httpd-2.2.15-60.el6.centos.6.x86_64 [##########################################                                                          ] 2/2  Installing : httpd-2.2.15-60.el6.centos.6.x86_64 [###########################################                                                         ] 2/2  Installing : httpd-2.2.15-60.el6.centos.6.x86_64 [############################################                                                        ] 2/2  Installing : httpd-2.2.15-60.el6.centos.6.x86_64 [#############################################                                                       ] 2/2  Installing : httpd-2.2.15-60.el6.centos.6.x86_64 [##############################################                                                      ] 2/2  Installing : httpd-2.2.15-60.el6.centos.6.x86_64 [###############################################                                                     ] 2/2  Installing : httpd-2.2.15-60.el6.centos.6.x86_64 [##################################################                                                  ] 2/2  Installing : httpd-2.2.15-60.el6.centos.6.x86_64 [####################################################                                                ] 2/2  Installing : httpd-2.2.15-60.el6.centos.6.x86_64 [######################################################                                              ] 2/2  Installing : httpd-2.2.15-60.el6.centos.6.x86_64 [########################################################                                            ] 2/2  Installing : httpd-2.2.15-60.el6.centos.6.x86_64 [#########################################################                                           ] 2/2  Installing : httpd-2.2.15-60.el6.centos.6.x86_64 [###########################################################                                         ] 2/2  Installing : httpd-2.2.15-60.el6.centos.6.x86_64 [#############################################################                                       ] 2/2  Installing : httpd-2.2.15-60.el6.centos.6.x86_64 [###############################################################                                     ] 2/2  Installing : httpd-2.2.15-60.el6.centos.6.x86_64 [#################################################################                                   ] 2/2  Installing : httpd-2.2.15-60.el6.centos.6.x86_64 [###################################################################                                 ] 2/2  Installing : httpd-2.2.15-60.el6.centos.6.x86_64 [#####################################################################                               ] 2/2  Installing : httpd-2.2.15-60.el6.centos.6.x86_64 [#######################################################################                             ] 2/2  Installing : httpd-2.2.15-60.el6.centos.6.x86_64 [#########################################################################                           ] 2/2  Installing : httpd-2.2.15-60.el6.centos.6.x86_64 [###########################################################################                         ] 2/2  Installing : httpd-2.2.15-60.el6.centos.6.x86_64 [#############################################################################                       ] 2/2  Installing : httpd-2.2.15-60.el6.centos.6.x86_64 [###############################################################################                     ] 2/2  Installing : httpd-2.2.15-60.el6.centos.6.x86_64 [#################################################################################                   ] 2/2  Installing : httpd-2.2.15-60.el6.centos.6.x86_64 [##################################################################################                  ] 2/2  Installing : httpd-2.2.15-60.el6.centos.6.x86_64 [###################################################################################                 ] 2/2  Installing : httpd-2.2.15-60.el6.centos.6.x86_64 [####################################################################################                ] 2/2  Installing : httpd-2.2.15-60.el6.centos.6.x86_64 [########################################################################################            ] 2/2  Installing : httpd-2.2.15-60.el6.centos.6.x86_64 [#########################################################################################           ] 2/2  Installing : httpd-2.2.15-60.el6.centos.6.x86_64 [##########################################################################################          ] 2/2  Installing : httpd-2.2.15-60.el6.centos.6.x86_64 [###########################################################################################         ] 2/2  Installing : httpd-2.2.15-60.el6.centos.6.x86_64 [############################################################################################        ] 2/2  Installing : httpd-2.2.15-60.el6.centos.6.x86_64 [#############################################################################################       ] 2/2  Installing : httpd-2.2.15-60.el6.centos.6.x86_64 [##############################################################################################      ] 2/2  Installing : httpd-2.2.15-60.el6.centos.6.x86_64 [###############################################################################################     ] 2/2  Installing : httpd-2.2.15-60.el6.centos.6.x86_64 [################################################################################################    ] 2/2  Installing : httpd-2.2.15-60.el6.centos.6.x86_64 [#################################################################################################   ] 2/2  Installing : httpd-2.2.15-60.el6.centos.6.x86_64 [##################################################################################################  ] 2/2  Installing : httpd-2.2.15-60.el6.centos.6.x86_64 [################################################################################################### ] 2/2  Installing : httpd-2.2.15-60.el6.centos.6.x86_64                                                                                                        2/2 $
  Verifying  : httpd-2.2.15-60.el6.centos.6.x86_64                                                                                                        1/2 $
  Verifying  : httpd-tools-2.2.15-60.el6.centos.6.x86_64                                                                                                  2/2 $
$
Installed:$
  httpd.x86_64 0:2.2.15-60.el6.centos.6                                                                                                                       $
$
Dependency Installed:$
  httpd-tools.x86_64 0:2.2.15-60.el6.centos.6                                                                                                                 $
$
Complete!$
^[]0;root@B14069:/^G2018-01-15T02:28:11 root@B14069 /# cd ^H^[[K^H^[[K^H^[[Kls$
bin   dev  git   inotify  lib64       media  node_modules  package-lock.json  root  selinux  sys  usr$
boot  etc  home  lib      lost+found  mnt    opt           proc               sbin  srv      tmp  var$
^[]0;root@B14069:/^G2018-01-15T02:28:14 root@B14069 /# cd /^H^[[K^H^[[K^H^[[K^H^[[K/inotify/shellscript/cmd_log_insert.sh $
/inotify/shellscript/cmd_log_insert.sh: line 2: log/cmd.log: No such file or directory$
/inotify/shellscript/cmd_log_insert.sh: line 51: log/cmd.log: No such file or directory$
^[]0;root@B14069:/^G2018-01-15T02:28:26 root@B14069 /# cd inotify/$
^[]0;root@B14069:/inotify^G2018-01-15T02:28:32 root@B14069 /inotify# cd inotify/^H^H^H^H^H^H^H^H^H^H^H/inotify/shellscript/cmd_log_insert.sh ^H^H^H^H^H^H^H^H^H^H^H^H^H^H^H^H^H^H^H^H^H^H^H^H^H^H^H^H^H^H^H^[[1P^H^[[1P^H^[[1P^H^[[1P^H^[[1P^H^[[1P^H^[[1P^H^[[1P^H^[[1P^G$
Script started on Mon 15 Jan 2018 02:27:50 AM JST$
^[]0;root@B14069:/^G^[[?1034h2018-01-15T02:27:50 root@B14069 /# yum -y install httpd$
Loaded plugins: fastestmirror, ovl$
Setting up Install Process$
Loading mirror speeds from cached hostfile$
 * base: mirror.vodien.com$
 * epel: mirrors.nipa.cloud$
 * extras: mirror.vodien.com$
 * updates: download.nus.edu.sg$
Resolving Dependencies$
--> Running transaction check$
---> Package httpd.x86_64 0:2.2.15-60.el6.centos.6 will be installed$
--> Processing Dependency: httpd-tools = 2.2.15-60.el6.centos.6 for package: httpd-2.2.15-60.el6.centos.6.x86_64$
--> Running transaction check$
---> Package httpd-tools.x86_64 0:2.2.15-60.el6.centos.6 will be installed$
--> Finished Dependency Resolution$
$
Dependencies Resolved$
$
==============================================================================================================================================================$
 Package                              Arch                            Version                                          Repository                        Size$
==============================================================================================================================================================$
Installing:$
 httpd                                x86_64                          2.2.15-60.el6.centos.6                           updates                          836 k$
Installing for dependencies:$
 httpd-tools                          x86_64                          2.2.15-60.el6.centos.6                           updates                           80 k$
$
Transaction Summary$
==============================================================================================================================================================$
Install       2 Package(s)$
$
Total download size: 916 k$
Installed size: 3.2 M$
Downloading Packages:$
(1/2): httpd-2.2.15-60.el6.centos.6.x86_64.rpm                (10%) 11% [=====-                                             ]  0.0 B/s |  93 kB     --:-- ETA (1/2): httpd-2.2.15-60.el6.centos.6.x86_64.rpm                (31%) 34% [=================-                                 ] 314 kB/s | 290 kB     00:01 ETA (1/2): httpd-2.2.15-60.el6.centos.6.x86_64.rpm                (56%) 61% [===============================-                   ] 341 kB/s | 518 kB     00:00 ETA (1/2): httpd-2.2.15-60.el6.centos.6.x86_64.rpm                (82%) 89% [=============================================-     ] 367 kB/s | 752 kB     00:00 ETA (1/2): httpd-2.2.15-60.el6.centos.6.x86_64.rpm                                                                                         | 836 kB     00:01     $
(2/2): httpd-tools-2.2.15-60.el6.centos.6.x86_64.rpm                                                                                   |  80 kB     00:00     $
--------------------------------------------------------------------------------------------------------------------------------------------------------------$
Total                                                                                                                         308 kB/s | 916 kB     00:02     $
Running rpm_check_debug$
Running Transaction Test$
Transaction Test Succeeded$
Running Transaction$
  Installing : httpd-tools-2.2.15-60.el6.centos.6.x86_64 [################################                                                              ] 1/2  Installing : httpd-tools-2.2.15-60.el6.centos.6.x86_64 [###########################################                                                   ] 1/2  Installing : httpd-tools-2.2.15-60.el6.centos.6.x86_64 [##################################################                                            ] 1/2  Installing : httpd-tools-2.2.15-60.el6.centos.6.x86_64 [############################################################                                  ] 1/2  Installing : httpd-tools-2.2.15-60.el6.centos.6.x86_64 [###################################################################                           ] 1/2  Installing : httpd-tools-2.2.15-60.el6.centos.6.x86_64 [######################################################################################        ] 1/2  Installing : httpd-tools-2.2.15-60.el6.centos.6.x86_64 [########################################################################################      ] 1/2  Installing : httpd-tools-2.2.15-60.el6.centos.6.x86_64 [##########################################################################################    ] 1/2  Installing : httpd-tools-2.2.15-60.el6.centos.6.x86_64 [###########################################################################################   ] 1/2  Installing : httpd-tools-2.2.15-60.el6.centos.6.x86_64 [############################################################################################# ] 1/2  Installing : httpd-tools-2.2.15-60.el6.centos.6.x86_64                                                                                                  1/2 $
  Installing : httpd-2.2.15-60.el6.centos.6.x86_64 [                                                                                                    ] 2/2  Installing : httpd-2.2.15-60.el6.centos.6.x86_64 [#                                                                                                   ] 2/2  Installing : httpd-2.2.15-60.el6.centos.6.x86_64 [##                                                                                                  ] 2/2  Installing : httpd-2.2.15-60.el6.centos.6.x86_64 [###                                                                                                 ] 2/2  Installing : httpd-2.2.15-60.el6.centos.6.x86_64 [####                                                                                                ] 2/2  Installing : httpd-2.2.15-60.el6.centos.6.x86_64 [#####                                                                                               ] 2/2  Installing : httpd-2.2.15-60.el6.centos.6.x86_64 [######                                                                                              ] 2/2  Installing : httpd-2.2.15-60.el6.centos.6.x86_64 [#######                                                                                             ] 2/2  Installing : httpd-2.2.15-60.el6.centos.6.x86_64 [########                                                                                            ] 2/2  Installing : httpd-2.2.15-60.el6.centos.6.x86_64 [#########                                                                                           ] 2/2  Installing : httpd-2.2.15-60.el6.centos.6.x86_64 [##########                                                                                          ] 2/2  Installing : httpd-2.2.15-60.el6.centos.6.x86_64 [###########                                                                                         ] 2/2  Installing : httpd-2.2.15-60.el6.centos.6.x86_64 [############                                                                                        ] 2/2  Installing : httpd-2.2.15-60.el6.centos.6.x86_64 [#############                                                                                       ] 2/2  Installing : httpd-2.2.15-60.el6.centos.6.x86_64 [###############                                                                                     ] 2/2  Installing : httpd-2.2.15-60.el6.centos.6.x86_64 [################                                                                                    ] 2/2  Installing : httpd-2.2.15-60.el6.centos.6.x86_64 [##################                                                                                  ] 2/2  Installing : httpd-2.2.15-60.el6.centos.6.x86_64 [###################                                                                                 ] 2/2  Installing : httpd-2.2.15-60.el6.centos.6.x86_64 [####################                                                                                ] 2/2  Installing : httpd-2.2.15-60.el6.centos.6.x86_64 [#####################                                                                               ] 2/2  Installing : httpd-2.2.15-60.el6.centos.6.x86_64 [######################                                                                              ] 2/2  Installing : httpd-2.2.15-60.el6.centos.6.x86_64 [#######################                                                                             ] 2/2  Installing : httpd-2.2.15-60.el6.centos.6.x86_64 [########################                                                                            ] 2/2  Installing : httpd-2.2.15-60.el6.centos.6.x86_64 [#########################                                                                           ] 2/2  Installing : httpd-2.2.15-60.el6.centos.6.x86_64 [##########################                                                                          ] 2/2  Installing : httpd-2.2.15-60.el6.centos.6.x86_64 [############################                                                                        ] 2/2  Installing : httpd-2.2.15-60.el6.centos.6.x86_64 [##############################                                                                      ] 2/2  Installing : httpd-2.2.15-60.el6.centos.6.x86_64 [###############################                                                                     ] 2/2  Installing : httpd-2.2.15-60.el6.centos.6.x86_64 [################################                                                                    ] 2/2  Installing : httpd-2.2.15-60.el6.centos.6.x86_64 [##################################                                                                  ] 2/2  Installing : httpd-2.2.15-60.el6.centos.6.x86_64 [####################################                                                                ] 2/2  Installing : httpd-2.2.15-60.el6.centos.6.x86_64 [#####################################                                                               ] 2/2  Installing : httpd-2.2.15-60.el6.centos.6.x86_64 [######################################                                                              ] 2/2  Installing : httpd-2.2.15-60.el6.centos.6.x86_64 [#######################################                                                             ] 2/2  Installing : httpd-2.2.15-60.el6.centos.6.x86_64 [########################################                                                            ] 2/2  Installing : httpd-2.2.15-60.el6.centos.6.x86_64 [##########################################                                                          ] 2/2  Installing : httpd-2.2.15-60.el6.centos.6.x86_64 [###########################################                                                         ] 2/2  Installing : httpd-2.2.15-60.el6.centos.6.x86_64 [############################################                                                        ] 2/2  Installing : httpd-2.2.15-60.el6.centos.6.x86_64 [#############################################                                                       ] 2/2  Installing : httpd-2.2.15-60.el6.centos.6.x86_64 [##############################################                                                      ] 2/2  Installing : httpd-2.2.15-60.el6.centos.6.x86_64 [###############################################                                                     ] 2/2  Installing : httpd-2.2.15-60.el6.centos.6.x86_64 [##################################################                                                  ] 2/2  Installing : httpd-2.2.15-60.el6.centos.6.x86_64 [####################################################                                                ] 2/2  Installing : httpd-2.2.15-60.el6.centos.6.x86_64 [######################################################                                              ] 2/2  Installing : httpd-2.2.15-60.el6.centos.6.x86_64 [########################################################                                            ] 2/2  Installing : httpd-2.2.15-60.el6.centos.6.x86_64 [#########################################################                                           ] 2/2  Installing : httpd-2.2.15-60.el6.centos.6.x86_64 [###########################################################                                         ] 2/2  Installing : httpd-2.2.15-60.el6.centos.6.x86_64 [#############################################################                                       ] 2/2  Installing : httpd-2.2.15-60.el6.centos.6.x86_64 [###############################################################                                     ] 2/2  Installing : httpd-2.2.15-60.el6.centos.6.x86_64 [#################################################################                                   ] 2/2  Installing : httpd-2.2.15-60.el6.centos.6.x86_64 [###################################################################                                 ] 2/2  Installing : httpd-2.2.15-60.el6.centos.6.x86_64 [#####################################################################                               ] 2/2  Installing : httpd-2.2.15-60.el6.centos.6.x86_64 [#######################################################################                             ] 2/2  Installing : httpd-2.2.15-60.el6.centos.6.x86_64 [#########################################################################                           ] 2/2  Installing : httpd-2.2.15-60.el6.centos.6.x86_64 [###########################################################################                         ] 2/2  Installing : httpd-2.2.15-60.el6.centos.6.x86_64 [#############################################################################                       ] 2/2  Installing : httpd-2.2.15-60.el6.centos.6.x86_64 [###############################################################################                     ] 2/2  Installing : httpd-2.2.15-60.el6.centos.6.x86_64 [#################################################################################                   ] 2/2  Installing : httpd-2.2.15-60.el6.centos.6.x86_64 [##################################################################################                  ] 2/2  Installing : httpd-2.2.15-60.el6.centos.6.x86_64 [###################################################################################                 ] 2/2  Installing : httpd-2.2.15-60.el6.centos.6.x86_64 [####################################################################################                ] 2/2  Installing : httpd-2.2.15-60.el6.centos.6.x86_64 [########################################################################################            ] 2/2  Installing : httpd-2.2.15-60.el6.centos.6.x86_64 [#########################################################################################           ] 2/2  Installing : httpd-2.2.15-60.el6.centos.6.x86_64 [##########################################################################################          ] 2/2  Installing : httpd-2.2.15-60.el6.centos.6.x86_64 [###########################################################################################         ] 2/2  Installing : httpd-2.2.15-60.el6.centos.6.x86_64 [############################################################################################        ] 2/2  Installing : httpd-2.2.15-60.el6.centos.6.x86_64 [#############################################################################################       ] 2/2  Installing : httpd-2.2.15-60.el6.centos.6.x86_64 [##############################################################################################      ] 2/2  Installing : httpd-2.2.15-60.el6.centos.6.x86_64 [###############################################################################################     ] 2/2  Installing : httpd-2.2.15-60.el6.centos.6.x86_64 [################################################################################################    ] 2/2  Installing : httpd-2.2.15-60.el6.centos.6.x86_64 [#################################################################################################   ] 2/2  Installing : httpd-2.2.15-60.el6.centos.6.x86_64 [##################################################################################################  ] 2/2  Installing : httpd-2.2.15-60.el6.centos.6.x86_64 [################################################################################################### ] 2/2  Installing : httpd-2.2.15-60.el6.centos.6.x86_64                                                                                                        2/2 $
  Verifying  : httpd-2.2.15-60.el6.centos.6.x86_64                                                                                                        1/2 $
  Verifying  : httpd-tools-2.2.15-60.el6.centos.6.x86_64                                                                                                  2/2 $
$
Installed:$
  httpd.x86_64 0:2.2.15-60.el6.centos.6                                                                                                                       $
$
Dependency Installed:$
  httpd-tools.x86_64 0:2.2.15-60.el6.centos.6                                                                                                                 $
$
Complete!$
^[]0;root@B14069:/^G2018-01-15T02:28:11 root@B14069 /# cd ^H^[[K^H^[[K^H^[[Kls$
bin   dev  git   inotify  lib64       media  node_modules  package-lock.json  root  selinux  sys  usr$
boot  etc  home  lib      lost+found  mnt    opt           proc               sbin  srv      tmp  var$
^[]0;root@B14069:/^G2018-01-15T02:28:14 root@B14069 /# cd /^H^[[K^H^[[K^H^[[K^H^[[K/inotify/shellscript/cmd_log_insert.sh $
/inotify/shellscript/cmd_log_insert.sh: line 2: log/cmd.log: No such file or directory$
/inotify/shellscript/cmd_log_insert.sh: line 51: log/cmd.log: No such file or directory$
^[]0;root@B14069:/^G2018-01-15T02:28:26 root@B14069 /# cd inotify/$
^[]0;root@B14069:/inotify^G2018-01-15T02:28:32 root@B14069 /inotify# cd inotify/^H^H^H^H^H^H^H^H^H^H^H/inotify/shellscript/cmd_log_insert.sh ^H^H^H^H^H^H^H^H^H^H^H^H^H^H^H^H^H^H^H^H^H^H^H^H^H^H^H^H^H^H^H^[[1P^H^[[1P^H^[[1P^H^[[1P^H^[[1P^H^[[1P^H^[[1P^H^[[1P^H^[[1P^G$
$
$
$
$
2018-01-15T01:36:06$
/inotify#$
cd c^H^[[K$ root@B14069 ~# ls$$
$
2018-01-15T01:36:09$
~#$
cd /$ root@B14069 /# ls$$
["bin dev git inotify lib64 media node_modules pack" , "age-lock.json root selinux sys usr$" ]$
2018-01-15T01:36:09$
~#$
cd /$ root@B14069 /# ls$$
["boot etc home lib lost+found mnt opt proc" , " sbin srv tmp var$" ]$
2018-01-15T01:36:10$
/#$
yum list | greap ^H^[[K^H^[[K^H^[[Kp httpd$$
["httpd.x86_64 2.2.15-60.el6.cento" , "s.6 @updates$" ]$
2018-01-15T01:36:10$
/#$
yum list | greap ^H^[[K^H^[[K^H^[[Kp httpd$$
["httpd-tools.x86_64 2.2.15-60.el6.cento" , "s.6 @updates$" ]$
2018-01-15T01:36:10$
/#$
yum list | greap ^H^[[K^H^[[K^H^[[Kp httpd$$
["httpd-devel.i686 2.2.15-60.el6.cento" , "s.6 updates$" ]$
2018-01-15T01:36:10$
/#$
yum list | greap ^H^[[K^H^[[K^H^[[Kp httpd$$
["httpd-devel.x86_64 2.2.15-60.el6.cento" , "s.6 updates$" ]$
2018-01-15T01:36:10$
/#$
yum list | greap ^H^[[K^H^[[K^H^[[Kp httpd$$
["httpd-itk.x86_64 2.2.22-7.el6 " , " epel $" ]$
2018-01-15T01:36:10$
/#$
yum list | greap ^H^[[K^H^[[K^H^[[Kp httpd$$
["httpd-manual.noarch 2.2.15-60.el6.cento" , "s.6 updates$" ]$
2018-01-15T01:36:10$
/#$
yum list | greap ^H^[[K^H^[[K^H^[[Kp httpd$$
["iipsrv-httpd-fcgi.noarch 1.0.0-1.0.el6 " , " epel $" ]$
2018-01-15T01:36:10$
/#$
yum list | greap ^H^[[K^H^[[K^H^[[Kp httpd$$
["libmicrohttpd.i686 0.9.33-4.el6 " , " base $" ]$
2018-01-15T01:36:10$
/#$
yum list | greap ^H^[[K^H^[[K^H^[[Kp httpd$$
["libmicrohttpd.x86_64 0.9.33-4.el6 " , " base $" ]$
2018-01-15T01:36:10$
/#$
yum list | greap ^H^[[K^H^[[K^H^[[Kp httpd$$
["libmicrohttpd-devel.i686 0.9.33-4.el6 " , " base $" ]$
2018-01-15T01:36:10$
/#$
yum list | greap ^H^[[K^H^[[K^H^[[Kp httpd$$
["libmicrohttpd-devel.x86_64 0.9.33-4.el6 " , " base $" ]$
2018-01-15T01:36:10$
/#$
yum list | greap ^H^[[K^H^[[K^H^[[Kp httpd$$
["libmicrohttpd-doc.noarch 0.9.33-4.el6 " , " base $" ]$
2018-01-15T01:36:10$
/#$
yum list | greap ^H^[[K^H^[[K^H^[[Kp httpd$$
["lighttpd.x86_64 1.4.45-1.el6 " , " epel $" ]$
2018-01-15T01:36:10$
/#$
yum list | greap ^H^[[K^H^[[K^H^[[Kp httpd$$
["lighttpd-fastcgi.x86_64 1.4.45-1.el6 " , " epel $" ]$
2018-01-15T01:36:10$
/#$
yum list | greap ^H^[[K^H^[[K^H^[[Kp httpd$$
["lighttpd-mod_authn_gssapi.x86_64 1.4.45-1.el6 " , " epel $" ]$
2018-01-15T01:36:10$
/#$
yum list | greap ^H^[[K^H^[[K^H^[[Kp httpd$$
["lighttpd-mod_authn_mysql.x86_64 1.4.45-1.el6 " , " epel $" ]$
2018-01-15T01:36:10$
/#$
yum list | greap ^H^[[K^H^[[K^H^[[Kp httpd$$
["lighttpd-mod_geoip.x86_64 1.4.45-1.el6 " , " epel $" ]$
2018-01-15T01:36:10$
/#$
yum list | greap ^H^[[K^H^[[K^H^[[Kp httpd$$
["lighttpd-mod_mysql_vhost.x86_64 1.4.45-1.el6 " , " epel $" ]$
2018-01-15T01:36:10$
/#$
yum list | greap ^H^[[K^H^[[K^H^[[Kp httpd$$
["mirmon-httpd.noarch 2.11-1.el6 " , " epel $" ]$
2018-01-15T01:36:10$
/#$
yum list | greap ^H^[[K^H^[[K^H^[[Kp httpd$$
["python-mozhttpd.noarch 0-0.3.gitb077641.el" , "6 epel $" ]$
2018-01-15T01:36:10$
/#$
yum list | greap ^H^[[K^H^[[K^H^[[Kp httpd$$
["python2-sphinxcontrib-httpdomain.noarch 1.5.0-3.el6 " , " epel $" ]$
2018-01-15T01:36:10$
/#$
yum list | greap ^H^[[K^H^[[K^H^[[Kp httpd$$
["sysusage-httpd.noarch 5.5-3.el6 " , " epel $" ]$
2018-01-15T01:36:10$
/#$
yum list | greap ^H^[[K^H^[[K^H^[[Kp httpd$$
["viewvc-httpd.noarch 1.1.26-1.el6 " , " epel $" ]$
2018-01-15T01:36:10$
/#$
yum list | greap ^H^[[K^H^[[K^H^[[Kp httpd$$
["web-assets-httpd.noarch 5-2.el6 " , " epel $" ]$
2018-01-15T01:36:28$
/#$
vim /var/log/cmd.log $$
["^[[?1049h^[[?1h^[=^[[2;1HM-bM-^VM-=^[[6n^[[2;1H ^[[1;1H^[[1;44" , "r^[[?12;25h^[[?12l^[[?25h^[[H^[[2J^[[?25l^[[44;1H"/var/log/cmd." , "log" [noeol] 35L, 3154C^[[>c^[[1;1HScript started on Mon 15 Jan" , " 2018 01:35:58 AM JST$" ]$
2018-01-15T01:36:06$
/inotify#$
cd c^H^[[K$ root@B14069 ~# ls$$
$
2018-01-15T01:36:09$
~#$
cd /$ root@B14069 /# ls$$
["bin dev git^" , "[[0m inotify lib64^[[7C^[[38" , ";5;27mmedia nn^[[8;1Hode_modules package" , "-lock.json root selinux ^[[3" , "8;5;27msys usr$" ]$
2018-01-15T01:36:09$
~#$
cd /$ root@B14069 /# ls$$
["boot etc home" , " lib lost+found ^[[38;5;" , "27mmnt opt^[[[^[[10;1H0m^[[11Cpro" , "c^[[15Csbin srv ^[[4" , "8;5;10;38;5;16mtmp var$" ]$
2018-01-15T01:36:10$
/#$
yum list | greap ^H^[[K^H^[[K^H^[[Kp httpd$$
$
2018-01-15T01:36:10$
/#$
yum list | greap ^H^[[K^H^[[K^H^[[Kp httpd$$
$
2018-01-15T01:36:10$
/#$
yum list | greap ^H^[[K^H^[[K^H^[[Kp httpd$$
$
2018-01-15T01:36:10$
/#$
yum list | greap ^H^[[K^H^[[K^H^[[Kp httpd$$
$
2018-01-15T01:36:10$
/#$
yum list | greap ^H^[[K^H^[[K^H^[[Kp httpd$$
$
2018-01-15T01:36:10$
/#$
yum list | greap ^H^[[K^H^[[K^H^[[Kp httpd$$
$
2018-01-15T01:36:10$
/#$
yum list | greap ^H^[[K^H^[[K^H^[[Kp httpd$$
$
2018-01-15T01:36:10$
/#$
yum list | greap ^H^[[K^H^[[K^H^[[Kp httpd$$
$
2018-01-15T01:36:10$
/#$
yum list | greap ^H^[[K^H^[[K^H^[[Kp httpd$$
$
2018-01-15T01:36:10$
/#$
yum list | greap ^H^[[K^H^[[K^H^[[Kp httpd$$
$
2018-01-15T01:36:10$
/#$
yum list | greap ^H^[[K^H^[[K^H^[[Kp httpd$$
$
2018-01-15T01:36:10$
/#$
yum list | greap ^H^[[K^H^[[K^H^[[Kp httpd$$
$
2018-01-15T01:36:10$
/#$
yum list | greap ^H^[[K^H^[[K^H^[[Kp httpd$$
$
2018-01-15T01:36:10$
/#$
yum list | greap ^H^[[K^H^[[K^H^[[Kp httpd$$
$
2018-01-15T01:36:10$
/#$
yum list | greap ^H^[[K^H^[[K^H^[[Kp httpd$$
["lighttpd-mod_authn_gssapi.x86_64^[[12C1.4.45-1.el6^[[17Cepel " , "$" ]$
2018-01-15T01:36:10$
/#$
yum list | greap ^H^[[K^H^[[K^H^[[Kp httpd$$
["lighttpd-mod_authn_mysql.x86_64^[[13C1.4.45-1.el6^[[17Cepel $" ]$
2018-01-15T01:36:10$
/#$
yum list | greap ^H^[[K^H^[[K^H^[[Kp httpd$$
$
2018-01-15T01:36:10$
/#$
yum list | greap ^H^[[K^H^[[K^H^[[Kp httpd$$
["lighttpd-mod_mysql_vhost.x86_64^[[13C1.4.45-1.el6^[[17Cepel $" ]$
2018-01-15T01:36:10$
/#$
yum list | greap ^H^[[K^H^[[K^H^[[Kp httpd$$
$
2018-01-15T01:36:10$
/#$
yum list | greap ^H^[[K^H^[[K^H^[[Kp httpd$$
$
2018-01-15T01:36:10$
/#$
yum list | greap ^H^[[K^H^[[K^H^[[Kp httpd$$
["python2-sphinxcontrib-httpdomain.noarch 1.5.0-3.el6^[[18Cep" , "el $" ]$
2018-01-15T01:36:10$
/#$
yum list | greap ^H^[[K^H^[[K^H^[[Kp httpd$$
$
2018-01-15T01:36:10$
/#$
yum list | greap ^H^[[K^H^[[K^H^[[Kp httpd$$
$
2018-01-15T01:36:10$
/#$
yum list | greap ^H^[[K^H^[[K^H^[[Kp httpd$$
$
2018-01-15T01:36:28$
/#$
vim /var/log/cmd.log $$
["^[[?1049h^[[?1h^[=^[[2;1HM-bM-^VM-=^[[6n^[[2;1H ^[[1;1H^[[1;44" , "r^[[?12;25h^[[?12l^[[?25h^[[H^[[2J^[[?25l^[[44;1H"/va" , "r/log/cmd.log"$" ]$
2018-01-15T01:37:26$
^[[40;1H~$
^[[41;1H~ ^[[42;1H~ ^[[43;1H~ ^[[44;141H1,1^[[11CAll^[[1;1H^[[?12l^[[?25h^[[?25l^[[44;1H^[[K^[[44;1H:^[[?12l^[[?25hw^[[?25l^[[?12l^[[?25hq^[[?25l^[[?12l^[[?25h^[[?25l^[[44;3H^[[K^[[44;3H^[[?12l^[[?25h^[[?25l^[[44;2H^[[K^[[44;2H^[[?12l^[[?25h^H root@B14069 /# Z^H^[[Kvim inotify/log/cm^Gd^G.^Glo^G^G^H^[[K^H^[[K^H^[[K^H^[[K^H^[[K^H^[[K^G^G^G^G^H^[[K^H^[[K^H^[[K^H^[[K^H^[[K^H^[[K^H^[[K^H^[[K^H^[[K^H^[[K^H^[[K^H^[[K^H^[[K^H^[[K^H^[[K^H^[[K^G^G^Gcd inotify/$ root@B14069 /inotify# ls$$
["inotify.js log node_modules package.json package-lock.json " , " shellscript$" ]$
2018-01-15T01:37:27$
/inotify#$
shellscript/cmd_log_insert.sh $$
$
2018-01-15T02:27:50$
/#$
yum -y install httpd$$
$
2018-01-15T02:27:50$
/#$
yum -y install httpd$$
$
2018-01-15T02:27:50$
/#$
yum -y install httpd$$
$
2018-01-15T02:27:50$
/#$
yum -y install httpd$$
$
2018-01-15T02:27:50$
/#$
yum -y install httpd$$
$
2018-01-15T02:27:50$
/#$
yum -y install httpd$$
$
2018-01-15T02:27:50$
/#$
yum -y install httpd$$
$
2018-01-15T02:27:50$
/#$
yum -y install httpd$$
$
2018-01-15T02:27:50$
/#$
yum -y install httpd$$
$
2018-01-15T02:27:50$
/#$
yum -y install httpd$$
["---> Package httpd.x86_64 0:2.2.15-60.el6.centos.6 will be inst" , "alled$" ]$
2018-01-15T02:27:50$
/#$
yum -y install httpd$$
["--> Processing Dependency: httpd-tools = 2.2.15-60.el6.centos.6" , " for package: httpd-2.2.15-60.el6.centos.6.x86_64$" ]$
2018-01-15T02:27:50$
/#$
yum -y install httpd$$
$
2018-01-15T02:27:50$
/#$
yum -y install httpd$$
["---> Package httpd-tools.x86_64 0:2.2.15-60.el6.centos.6 will b" , "e installed$" ]$
2018-01-15T02:27:50$
/#$
yum -y install httpd$$
$
2018-01-15T02:27:50$
/#$
yum -y install httpd$$
$
2018-01-15T02:27:50$
/#$
yum -y install httpd$$
$
2018-01-15T02:27:50$
/#$
yum -y install httpd$$
$
2018-01-15T02:27:50$
/#$
yum -y install httpd$$
["===============================================================" , "===============================================================" , "================================$" ]$
2018-01-15T02:27:50$
/#$
yum -y install httpd$$
["Package Arch " , " Version Reposito" , "ry Size$" ]$
2018-01-15T02:27:50$
/#$
yum -y install httpd$$
["===============================================================" , "===============================================================" , "================================$" ]$
2018-01-15T02:27:50$
/#$
yum -y install httpd$$
$
2018-01-15T02:27:50$
/#$
yum -y install httpd$$
["httpd x86_64 " , " 2.2.15-60.el6.centos.6 updates " , " 836 k$" ]$
2018-01-15T02:27:50$
/#$
yum -y install httpd$$
$
2018-01-15T02:27:50$
/#$
yum -y install httpd$$
["httpd-tools x86_64 " , " 2.2.15-60.el6.centos.6 updates " , " 80 k$" ]$
2018-01-15T02:27:50$
/#$
yum -y install httpd$$
$
2018-01-15T02:27:50$
/#$
yum -y install httpd$$
$
2018-01-15T02:27:50$
/#$
yum -y install httpd$$
["===============================================================" , "===============================================================" , "================================$" ]$
2018-01-15T02:27:50$
/#$
yum -y install httpd$$
$
2018-01-15T02:27:50$
/#$
yum -y install httpd$$
$
2018-01-15T02:27:50$
/#$
yum -y install httpd$$
$
2018-01-15T02:27:50$
/#$
yum -y install httpd$$
$
2018-01-15T02:27:50$
/#$
yum -y install httpd$$
$
2018-01-15T02:27:50$
/#$
yum -y install httpd$$
["(1/2): httpd-2.2.15-60.el6.centos.6.x86_64.rpm (" , "10%) 11% [=====- ] " , " 0.0 B/s | 93 kB --:-- ETA (1/2): httpd-2.2.15-60.el6.cent" , "os.6.x86_64.rpm (31%) 34% [=================- " , " ] 314 kB/s | 290 kB 00:01 ETA" , " (1/2): httpd-2.2.15-60.el6.centos.6.x86_64.rpm " , "(56%) 61% [===============================- ]" , " 341 kB/s | 518 kB 00:00 ETA (1/2): httpd-2.2.15-60.el6.cen" , "tos.6.x86_64.rpm (82%) 89% [====================" , "=========================- ] 367 kB/s | 752 kB 00:00 ET" , "A (1/2): httpd-2.2.15-60.el6.centos.6.x86_64.rpm " , " " , " | 836 kB 00:01 $" ]$
2018-01-15T02:27:50$
/#$
yum -y install httpd$$
["(2/2): httpd-tools-2.2.15-60.el6.centos.6.x86_64.rpm " , " " , " | 80 kB 00:00 $" ]$
2018-01-15T02:27:50$
/#$
yum -y install httpd$$
["---------------------------------------------------------------" , "---------------------------------------------------------------" , "--------------------------------$" ]$
2018-01-15T02:27:50$
/#$
yum -y install httpd$$
["Total " , " " , "308 kB/s | 916 kB 00:02 $" ]$
2018-01-15T02:27:50$
/#$
yum -y install httpd$$
$
2018-01-15T02:27:50$
/#$
yum -y install httpd$$
$
2018-01-15T02:27:50$
/#$
yum -y install httpd$$
$
2018-01-15T02:27:50$
/#$
yum -y install httpd$$
$
2018-01-15T02:27:50$
/#$
yum -y install httpd$$
["Installing : httpd-tools-2.2.15-60.el6.centos.6.x86_64 [#######" , "######################### " , " ] 1/2 Installing : httpd-tools-2.2.15-" , "60.el6.centos.6.x86_64 [#######################################" , "#### ] 1/2 I" , "nstalling : httpd-tools-2.2.15-60.el6.centos.6.x86_64 [########" , "########################################## " , " ] 1/2 Installing : httpd-tools-2.2.15-6" , "0.el6.centos.6.x86_64 [########################################" , "#################### ] 1/2 In" , "stalling : httpd-tools-2.2.15-60.el6.centos.6.x86_64 [#########" , "########################################################## " , " ] 1/2 Installing : httpd-tools-2.2.15-60" , ".el6.centos.6.x86_64 [#########################################" , "############################################# ] 1/2 Ins" , "talling : httpd-tools-2.2.15-60.el6.centos.6.x86_64 [##########" , "###############################################################" , "############### ] 1/2 Installing : httpd-tools-2.2.15-60." , "el6.centos.6.x86_64 [##########################################" , "################################################ ] 1/2 Inst" , "alling : httpd-tools-2.2.15-60.el6.centos.6.x86_64 [###########" , "###############################################################" , "################# ] 1/2 Installing : httpd-tools-2.2.15-60.e" , "l6.centos.6.x86_64 [###########################################" , "################################################## ] 1/2 Insta" , "lling : httpd-tools-2.2.15-60.el6.centos.6.x86_64 " , " " , " 1/2 $" ]$
2018-01-15T02:27:50$
/#$
yum -y install httpd$$
["Installing : httpd-2.2.15-60.el6.centos.6.x86_64 [ " , " " , " ] 2/2 Installing : httpd-2.2.15-60.el6" , ".centos.6.x86_64 [# " , " ] 2/2 I" , "nstalling : httpd-2.2.15-60.el6.centos.6.x86_64 [## " , " " , " ] 2/2 Installing : httpd-2.2.15-60.el6." , "centos.6.x86_64 [### " , " ] 2/2 In" , "stalling : httpd-2.2.15-60.el6.centos.6.x86_64 [#### " , " " , " ] 2/2 Installing : httpd-2.2.15-60.el6.c" , "entos.6.x86_64 [##### " , " ] 2/2 Ins" , "talling : httpd-2.2.15-60.el6.centos.6.x86_64 [###### " , " " , " ] 2/2 Installing : httpd-2.2.15-60.el6.ce" , "ntos.6.x86_64 [####### " , " ] 2/2 Inst" , "alling : httpd-2.2.15-60.el6.centos.6.x86_64 [######## " , " " , " ] 2/2 Installing : httpd-2.2.15-60.el6.cen" , "tos.6.x86_64 [######### " , " ] 2/2 Insta" , "lling : httpd-2.2.15-60.el6.centos.6.x86_64 [########## " , " " , " ] 2/2 Installing : httpd-2.2.15-60.el6.cent" , "os.6.x86_64 [########### " , " ] 2/2 Instal" , "ling : httpd-2.2.15-60.el6.centos.6.x86_64 [############ " , " " , " ] 2/2 Installing : httpd-2.2.15-60.el6.cento" , "s.6.x86_64 [############# " , " ] 2/2 Install" , "ing : httpd-2.2.15-60.el6.centos.6.x86_64 [############### " , " " , " ] 2/2 Installing : httpd-2.2.15-60.el6.centos" , ".6.x86_64 [################ " , " ] 2/2 Installi" , "ng : httpd-2.2.15-60.el6.centos.6.x86_64 [################## " , " " , " ] 2/2 Installing : httpd-2.2.15-60.el6.centos." , "6.x86_64 [################### " , " ] 2/2 Installin" , "g : httpd-2.2.15-60.el6.centos.6.x86_64 [#################### " , " " , " ] 2/2 Installing : httpd-2.2.15-60.el6.centos.6" , ".x86_64 [##################### " , " ] 2/2 Installing" , " : httpd-2.2.15-60.el6.centos.6.x86_64 [###################### " , " " , " ] 2/2 Installing : httpd-2.2.15-60.el6.centos.6." , "x86_64 [####################### " , " ] 2/2 Installing " , ": httpd-2.2.15-60.el6.centos.6.x86_64 [########################" , " " , " ] 2/2 Installing : httpd-2.2.15-60.el6.centos.6.x" , "86_64 [######################### " , " ] 2/2 Installing :" , " httpd-2.2.15-60.el6.centos.6.x86_64 [#########################" , "# " , " ] 2/2 Installing : httpd-2.2.15-60.el6.centos.6.x8" , "6_64 [############################ " , " ] 2/2 Installing : " , "httpd-2.2.15-60.el6.centos.6.x86_64 [##########################" , "#### " , " ] 2/2 Installing : httpd-2.2.15-60.el6.centos.6.x86" , "_64 [############################### " , " ] 2/2 Installing : h" , "ttpd-2.2.15-60.el6.centos.6.x86_64 [###########################" , "##### " , " ] 2/2 Installing : httpd-2.2.15-60.el6.centos.6.x86_" , "64 [################################## " , " ] 2/2 Installing : ht" , "tpd-2.2.15-60.el6.centos.6.x86_64 [############################" , "######## " , " ] 2/2 Installing : httpd-2.2.15-60.el6.centos.6.x86_6" , "4 [##################################### " , " ] 2/2 Installing : htt" , "pd-2.2.15-60.el6.centos.6.x86_64 [#############################" , "######### " , " ] 2/2 Installing : httpd-2.2.15-60.el6.centos.6.x86_64" , " [####################################### " , " ] 2/2 Installing : http" , "d-2.2.15-60.el6.centos.6.x86_64 [##############################" , "########## " , " ] 2/2 Installing : httpd-2.2.15-60.el6.centos.6.x86_64 " , "[########################################## " , " ] 2/2 Installing : httpd" , "-2.2.15-60.el6.centos.6.x86_64 [###############################" , "############ " , " ] 2/2 Installing : httpd-2.2.15-60.el6.centos.6.x86_64 [" , "############################################ " , " ] 2/2 Installing : httpd-" , "2.2.15-60.el6.centos.6.x86_64 [################################" , "############# " , " ] 2/2 Installing : httpd-2.2.15-60.el6.centos.6.x86_64 [#" , "############################################# " , " ] 2/2 Installing : httpd-2" , ".2.15-60.el6.centos.6.x86_64 [#################################" , "############## " , " ] 2/2 Installing : httpd-2.2.15-60.el6.centos.6.x86_64 [##" , "################################################ " , " ] 2/2 Installing : httpd-2." , "2.15-60.el6.centos.6.x86_64 [##################################" , "################## " , " ] 2/2 Installing : httpd-2.2.15-60.el6.centos.6.x86_64 [###" , "################################################### " , " ] 2/2 Installing : httpd-2.2" , ".15-60.el6.centos.6.x86_64 [###################################" , "##################### " , " ] 2/2 Installing : httpd-2.2.15-60.el6.centos.6.x86_64 [####" , "##################################################### " , " ] 2/2 Installing : httpd-2.2." , "15-60.el6.centos.6.x86_64 [####################################" , "####################### " , " ] 2/2 Installing : httpd-2.2.15-60.el6.centos.6.x86_64 [#####" , "######################################################## " , " ] 2/2 Installing : httpd-2.2.1" , "5-60.el6.centos.6.x86_64 [#####################################" , "########################## " , "] 2/2 Installing : httpd-2.2.15-60.el6.centos.6.x86_64 [######" , "########################################################### " , " ] 2/2 Installing : httpd-2.2.15" , "-60.el6.centos.6.x86_64 [######################################" , "############################# ]" , " 2/2 Installing : httpd-2.2.15-60.el6.centos.6.x86_64 [#######" , "############################################################## " , " ] 2/2 Installing : httpd-2.2.15-" , "60.el6.centos.6.x86_64 [#######################################" , "################################ ] " , "2/2 Installing : httpd-2.2.15-60.el6.centos.6.x86_64 [########" , "###############################################################" , "## ] 2/2 Installing : httpd-2.2.15-6" , "0.el6.centos.6.x86_64 [########################################" , "################################### ] 2" , "/2 Installing : httpd-2.2.15-60.el6.centos.6.x86_64 [#########" , "###############################################################" , "##### ] 2/2 Installing : httpd-2.2.15-60" , ".el6.centos.6.x86_64 [#########################################" , "###################################### ] 2/" , "2 Installing : httpd-2.2.15-60.el6.centos.6.x86_64 [##########" , "###############################################################" , "######## ] 2/2 Installing : httpd-2.2.15-60." , "el6.centos.6.x86_64 [##########################################" , "######################################## ] 2/2" , " Installing : httpd-2.2.15-60.el6.centos.6.x86_64 [###########" , "###############################################################" , "######### ] 2/2 Installing : httpd-2.2.15-60.e" , "l6.centos.6.x86_64 [###########################################" , "######################################### ] 2/2 " , " Installing : httpd-2.2.15-60.el6.centos.6.x86_64 [############" , "###############################################################" , "############# ] 2/2 Installing : httpd-2.2.15-60.el" , "6.centos.6.x86_64 [############################################" , "############################################# ] 2/2 " , "Installing : httpd-2.2.15-60.el6.centos.6.x86_64 [#############" , "###############################################################" , "############## ] 2/2 Installing : httpd-2.2.15-60.el6" , ".centos.6.x86_64 [#############################################" , "############################################## ] 2/2 I" , "nstalling : httpd-2.2.15-60.el6.centos.6.x86_64 [##############" , "###############################################################" , "############### ] 2/2 Installing : httpd-2.2.15-60.el6." , "centos.6.x86_64 [##############################################" , "############################################### ] 2/2 In" , "stalling : httpd-2.2.15-60.el6.centos.6.x86_64 [###############" , "###############################################################" , "################ ] 2/2 Installing : httpd-2.2.15-60.el6.c" , "entos.6.x86_64 [###############################################" , "################################################ ] 2/2 Ins" , "talling : httpd-2.2.15-60.el6.centos.6.x86_64 [################" , "###############################################################" , "################# ] 2/2 Installing : httpd-2.2.15-60.el6.ce" , "ntos.6.x86_64 [################################################" , "################################################# ] 2/2 Inst" , "alling : httpd-2.2.15-60.el6.centos.6.x86_64 [#################" , "###############################################################" , "################## ] 2/2 Installing : httpd-2.2.15-60.el6.cen" , "tos.6.x86_64 [#################################################" , "################################################## ] 2/2 Insta" , "lling : httpd-2.2.15-60.el6.centos.6.x86_64 " , " " , " 2/2 $" ]$
2018-01-15T02:27:50$
/#$
yum -y install httpd$$
["Verifying : httpd-2.2.15-60.el6.centos.6.x86_64 " , " " , " 1/2 $" ]$
2018-01-15T02:27:50$
/#$
yum -y install httpd$$
["Verifying : httpd-tools-2.2.15-60.el6.centos.6.x86_64 " , " " , " 2/2 $" ]$
2018-01-15T02:27:50$
/#$
yum -y install httpd$$
$
2018-01-15T02:27:50$
/#$
yum -y install httpd$$
$
2018-01-15T02:27:50$
/#$
yum -y install httpd$$
["httpd.x86_64 0:2.2.15-60.el6.centos.6 " , " " , " $" ]$
2018-01-15T02:27:50$
/#$
yum -y install httpd$$
$
2018-01-15T02:27:50$
/#$
yum -y install httpd$$
$
2018-01-15T02:27:50$
/#$
yum -y install httpd$$
["httpd-tools.x86_64 0:2.2.15-60.el6.centos.6 " , " " , " $" ]$
2018-01-15T02:27:50$
/#$
yum -y install httpd$$
$
2018-01-15T02:27:50$
/#$
yum -y install httpd$$
$
2018-01-15T02:28:11$
/#$
cd ^H^[[K^H^[[K^H^[[Kls$$
["bin dev git inotify lib64 media node_modules pack" , "age-lock.json root selinux sys usr$" ]$
2018-01-15T02:28:11$
/#$
cd ^H^[[K^H^[[K^H^[[Kls$$
["boot etc home lib lost+found mnt opt proc" , " sbin srv tmp var$" ]$
2018-01-15T02:28:14$
/#$
cd /^H^[[K^H^[[K^H^[[K^H^[[K/inotify/shellscript/cmd_log_insert.sh $$
["/inotify/shellscript/cmd_log_insert.sh: line 2: log/cmd.log: No" , " such file or directory$" ]$
2018-01-15T02:28:14$
/#$
cd /^H^[[K^H^[[K^H^[[K^H^[[K/inotify/shellscript/cmd_log_insert.sh $$
["/inotify/shellscript/cmd_log_insert.sh: line 51: log/cmd.log: N" , "o such file or directory$" ]$
^[]0;root@B14069:/inotify^G2018-01-15T02:28:54 root@B14069 /inotify# $
^[]0;root@B14069:/inotify^G2018-01-15T02:28:59 root@B14069 /inotify# $
^[]0;root@B14069:/inotify^G2018-01-15T02:28:59 root@B14069 /inotify# $
^[]0;root@B14069:/inotify^G2018-01-15T02:28:59 root@B14069 /inotify# $
^[]0;root@B14069:/inotify^G2018-01-15T02:28:59 root@B14069 /inotify# ser^H^[[K^H^[[K^H^[[K^G^Gcd /$
^[]0;root@B14069:/^G2018-01-15T02:32:33 root@B14069 /# sre^H^[[K^H^[[Kervid^H^[[K^H^[[K^H^[[K^H^[[K^H^[[K^H^[[Kcd /^H^H^H^Hshellscript/cmd_log_insert.sh ^H^H^H^H^H^H^H^H^H^H^H^H^H^H^H^H^H^H^H^H^H^H^H^H^H^H^H^H^H^H^[[19Pcd inotify/^H^H^H^H^H^H^H^H^H^H^H/inotify/shellscript/cmd_log_insert.sh ^[[C^[[C^[[C^[[C^[[C^[[C^[[C^[[C^[[C^[[C^[[C^[[C^[[C^[[C^[[C^[[C^[[C^[[C^[[C^[[C^[[C^[[C^[[C^[[C^[[C^[[C^[[C^[[C^[[C^[[C^[[C^[[C^[[C^[[C^[[Cls^[[K^H^H/inotify/shellscript/cmd_log_insert.sh ^[[C^[[C^[[C^[[C^[[C^[[C^[[C^[[C^[[C^[[C^[[C^[[C^[[C^[[C^[[C^[[C^[[C^[[C^[[C^[[C^[[C^[[C^[[C^[[C^[[C^[[C^[[C^[[C^[[C^[[C^[[C^[[C^[[C^[[C^[[Ccd inotify/^[[K^H^H^H^H^H^H^H^H^H^H^Hshellscript/cmd_log_insert.sh ^H^H^H^H^H^H^H^H^H^H^H^H^H^H^H^H^H^H^H^H^H^H^H^H^H^H^H^H^H^Hcd /^[[K^H^H^H^H^[[Kservice  httpd s^H^[[K^H^[[K^H^[[K^H^[[K^H^[[K^H^[[K^H^[[K^H^[[K^H^[[K httpd ^H^[[K^H^[[K^H^[[K^H^[[K^H^[[K^H^[[K^H^[[K^H^[[K^H^[[K^H^[[K^H^[[K^H^[[K^H^[[K^H^[[K^Gser^H^[[K^H^[[K^H^[[K$
^[]0;root@B14069:/^G2018-01-15T02:32:56 root@B14069 /# $
^[]0;root@B14069:/^G2018-01-15T02:32:56 root@B14069 /# $
^[]0;root@B14069:/^G2018-01-15T02:32:57 root@B14069 /# $
^[]0;root@B14069:/^G2018-01-15T02:32:57 root@B14069 /# servece httpd start$
bash: servece: command not found$
^[]0;root@B14069:/^G2018-01-15T02:33:04 root@B14069 /# service httpd start$
Starting httpd: httpd: Could not reliably determine the server's fully qualified domain name, using 172.18.0.5 for ServerName$
^[[60G[  OK  ]$
^[]0;root@B14069:/^G2018-01-15T02:33:11 root@B14069 /# cd inotify/$
^[]0;root@B14069:/inotify^G2018-01-15T02:33:16 root@B14069 /inotify# shellscript/cmd_log_insert.sh $
