Reinitialized existing Git repository in /inotify/.git/
# On branch master
# Changed but not updated:
#   (use "git add/rm <file>..." to update what will be committed)
#   (use "git checkout -- <file>..." to discard changes in working directory)
#
#	deleted:    cmd.log
#	deleted:    cmd1.log
#	deleted:    h.sh
#	modified:   inotify.js
#	modified:   inotify.log
#	deleted:    log
#	deleted:    log.txt
#	deleted:    ok.txt
#	modified:   package-lock.json
#	modified:   package.json
#	deleted:    res.log
#	deleted:    s.sh
#	deleted:    s1.sh
#	deleted:    save.js
#	deleted:    script.js
#	deleted:    test2.sh
#
# Untracked files:
#   (use "git add <file>..." to include in what will be committed)
#
#	.DS_Store
#	a.js
#	etc/
#	etc_back/
#	node_modules/.bin/
#	node_modules/assert/
#	node_modules/async/
#	node_modules/bluebird/
#	node_modules/bson/
#	node_modules/buffer-shims/
#	node_modules/core-util-is/
#	node_modules/debug/
#	node_modules/es6-promise/
#	node_modules/hooks-fixed/
#	node_modules/inherits/
#	node_modules/isarray/
#	node_modules/kareem/
#	node_modules/lodash.get/
#	node_modules/lodash/
#	node_modules/mongodb-core/
#	node_modules/mongodb/
#	node_modules/mongoose/
#	node_modules/mpath/
#	node_modules/mpromise/
#	node_modules/mquery/
#	node_modules/ms/
#	node_modules/muri/
#	node_modules/process-nextick-args/
#	node_modules/readable-stream/
#	node_modules/regexp-clone/
#	node_modules/require_optional/
#	node_modules/resolve-from/
#	node_modules/safe-buffer/
#	node_modules/semver/
#	node_modules/sliced/
#	node_modules/string_decoder/
#	node_modules/util-deprecate/
#	node_modules/util/
#	shellscript/
#	var/
#	var_back/
no changes added to commit (use "git add" and/or "git commit -a")
Reinitialized existing Git repository in /inotify/.git/
