/var/log/cmd.log changed
/var/log/cmd.log changed
/var/run/httpd/httpd.pid changed
/var/log/cmd.log changed
/var/log/cmd.log changed
/var/lock/subsys/httpd changed
/var/run/httpd/httpd.pid changed
/var/log/.cmd.log.swx changed
/var/log/.cmd.log.swp changed
/var/log/.cmd.log.swp changed
/var/log/4913 changed
/var/log/cmd.log changed
/var/log/.cmd.log.swp changed
/var/log/.cmd.log.swx changed
/var/log/.cmd.log.swp changed
/var/log/.cmd.log.swp changed
/var/log/.cmd.log.swx changed
/var/log/cmd.log changed
/var/log/4913 changed
/var/log/.cmd.log.swp changed
/var/run/yum.pid changed
/var/lib/yum/rpmdb-indexes/conflicts.tmp changed
/var/lib/yum/history/2017-06-05/39/config-repos changed
/var/lib/yum/rpmdb-indexes/file-requires.tmp changed
/var/lib/yum/history/2017-06-05/39/config-main changed
/var/lib/yum/transaction-all.2018-01-17.02:24.51 changed
/var/lib/yum/rpmdb-indexes/pkgtups-checksums.tmp changed
/var/lib/yum/transaction-done.2018-01-17.02:24.51 changed
/var/tmp/rpm-tmp.JSInBH changed
/var/lib/yum/history/2017-06-05/39/saved_tx changed
/etc/pki/nssdb/cert9.db-journal changed
/etc/pki/nssdb/key4.db-journal changed
/var/run/yum.pid changed
/var/cache/yum/x86_64/6/epel/metalink.xml.tmp changed
/var/cache/yum/x86_64/6/base/repomd4T_lc5tmp.xml changed
/var/cache/yum/x86_64/6/base/repomd.xml.old.tmp changed
/var/cache/yum/x86_64/6/epel/repomd.xml.old.tmp changed
/var/log/cmd.log changed
/var/cache/yum/x86_64/6/mongodb-org-3.4/repomd.xml.old.tmp changed
/var/cache/yum/x86_64/6/extras/repomdZmzdWVtmp.xml changed
/etc/httpd/conf/httpd.conf;5a5e379d changed
/etc/httpd/conf/magic;5a5e379d changed
/etc/logrotate.d/httpd;5a5e379d changed
/etc/rc.d/init.d/htcacheclean;5a5e379d changed
/etc/rc.d/init.d/httpd;5a5e379d changed
/etc/sysconfig/htcacheclean;5a5e379d changed
/etc/sysconfig/httpd;5a5e379d changed
/var/cache/yum/x86_64/6/extras/repomd.xml.old.tmp changed
/var/cache/yum/x86_64/6/mongodb-org-3.4/repomdmAMScTtmp.xml changed
/etc/rc.d/rc0.d/K15httpd changed
/etc/rc.d/rc1.d/K15httpd changed
/etc/rc.d/rc2.d/K15httpd changed
/etc/rc.d/rc3.d/K15httpd changed
/etc/rc.d/rc4.d/K15httpd changed
/etc/rc.d/rc5.d/K15httpd changed
/etc/rc.d/rc6.d/K15httpd changed
/etc/rc.d/rc0.d/K15htcacheclean changed
/etc/rc.d/rc1.d/K15htcacheclean changed
/etc/rc.d/rc2.d/K15htcacheclean changed
/etc/rc.d/rc3.d/K15htcacheclean changed
/etc/rc.d/rc4.d/K15htcacheclean changed
/etc/rc.d/rc5.d/K15htcacheclean changed
/etc/rc.d/rc6.d/K15htcacheclean changed
/var/cache/yum/x86_64/6/nodesource/repomd.xml.old.tmp changed
/var/cache/yum/x86_64/6/updates/repomduMIZvXtmp.xml changed
/var/cache/yum/x86_64/6/nodesource/repomdJ9Qc5ztmp.xml changed
/var/cache/yum/x86_64/6/updates/repomd.xml.old.tmp changed
/var/cache/yum/x86_64/6/updates/packages/httpd-2.2.15-60.el6.centos.6.x86_64.rpm changed
/var/run/httpd/httpd.pid changed
/var/log/.cmd.log.swp changed
/var/log/.cmd.log.swx changed
/var/log/.cmd.log.swp changed
/etc/httpd/conf/.httpd.conf.swx changed
/etc/httpd/conf/.httpd.conf.swp changed
/etc/httpd/conf/.httpd.conf.swp changed
/var/run/httpd/httpd.pid changed
/var/lock/subsys/httpd changed
/var/log/.cmd.log.swp changed
/var/log/.cmd.log.swx changed
/var/log/.cmd.log.swp changed
/var/log/4913 changed
/var/log/cmd.log changed
/var/log/.cmd.log.swp changed
/var/log/.cmd.log.swx changed
/var/log/.cmd.log.swp changed
/var/log/4913 changed
/var/log/cmd.log changed
/var/www/html/.kakunin.php.swp changed
/var/www/html/.kakunin.php.swx changed
/var/www/html/.kakunin.php.swp changed
/var/www/html/4913 changed
/var/www/html/kakunin.php changed
/var/www/html/.test.php.swx changed
/var/www/html/.test.php.swp changed
/var/www/html/.test.php.swp changed
/var/www/html/4913 changed
/var/www/html/test.php changed
/var/www/html/.work4.php.swx changed
/var/www/html/.work4.php.swp changed
/var/www/html/.work4.php.swp changed
/var/www/html/4913 changed
/var/www/html/work4.php changed
/var/www/html/data.txt changed
/var/run/httpd/httpd.pid changed
/etc/httpd/conf.d/php.conf;5a5e6f5e changed
/var/run/yum.pid changed
/var/cache/yum/x86_64/6/base/packages/php-5.3.3-49.el6.x86_64.rpm changed
/var/lib/yum/rpmdb-indexes/conflicts.tmp changed
/var/lib/yum/rpmdb-indexes/file-requires.tmp changed
/var/lib/yum/transaction-all.2018-01-17.06:32.14 changed
/var/lib/yum/rpmdb-indexes/pkgtups-checksums.tmp changed
/var/lib/yum/transaction-done.2018-01-17.06:32.14 changed
/var/lib/yum/rpmdb-indexes/version.tmp changed
/var/tmp/etilqs_KDDYym3abMTF2Di changed
/var/run/httpd/httpd.pid changed
/var/www/html/.data.txt.swp changed
/var/www/html/.data.txt.swx changed
/var/www/html/data.txt changed
/var/www/html/.data.txt.swp changed
/var/www/html/4913 changed
/var/www/html/.test.php.swx changed
/var/www/html/test.php changed
/var/www/html/4913 changed
/var/www/html/.test.php.swp changed
/var/www/html/.work4.php.swp changed
/var/www/html/.test.php.swp changed
/var/www/html/.work4.php.swx changed
/var/www/html/.work4.php.swp changed
/var/www/html/4913 changed
/var/www/html/work4.php changed
/var/www/html/.kakunin.php.swx changed
/var/www/html/.kakunin.php.swp changed
/var/www/html/.kakunin.php.swp changed
/var/www/html/kakunin.php changed
/var/www/html/4913 changed
/var/run/httpd/httpd.pid changed
/var/run/yum.pid changed
/var/lib/yum/history/2017-06-05/42/config-repos changed
/var/lib/yum/rpmdb-indexes/conflicts.tmp changed
/var/lib/yum/history/2017-06-05/42/saved_tx changed
/var/lib/yum/rpmdb-indexes/file-requires.tmp changed
/var/lib/yum/rpmdb-indexes/pkgtups-checksums.tmp changed
/var/lib/yum/transaction-done.2018-01-17.09:10.11 changed
/var/tmp/rpm-tmp.Xm51W5 changed
/var/lib/yum/transaction-all.2018-01-17.09:10.11 changed
/var/tmp/etilqs_pD8iZkk8qvZhFyn changed
/etc/pki/nssdb/cert9.db-journal changed
/etc/pki/nssdb/key4.db-journal changed
/var/run/yum.pid changed
/var/cache/yum/x86_64/6/epel/metalink.xml.tmp changed
/var/cache/yum/x86_64/6/base/repomdviOx7Ltmp.xml changed
/var/cache/yum/x86_64/6/base/repomd.xml.old.tmp changed
/var/cache/yum/x86_64/6/epel/repomd.xml.old.tmp changed
/etc/httpd/conf/httpd.conf;5a5e94fc changed
/etc/httpd/conf/magic;5a5e94fc changed
/etc/logrotate.d/httpd;5a5e94fc changed
/etc/rc.d/init.d/htcacheclean;5a5e94fc changed
/etc/rc.d/init.d/httpd;5a5e94fc changed
/etc/sysconfig/htcacheclean;5a5e94fc changed
/etc/sysconfig/httpd;5a5e94fc changed
/var/cache/yum/x86_64/6/mongodb-org-3.4/repomd.xml.old.tmp changed
/etc/rc.d/rc0.d/K15httpd changed
/etc/rc.d/rc1.d/K15httpd changed
/etc/rc.d/rc2.d/K15httpd changed
/etc/rc.d/rc3.d/K15httpd changed
/etc/rc.d/rc4.d/K15httpd changed
/etc/rc.d/rc5.d/K15httpd changed
/etc/rc.d/rc6.d/K15httpd changed
/etc/rc.d/rc0.d/K15htcacheclean changed
/etc/rc.d/rc1.d/K15htcacheclean changed
/etc/rc.d/rc2.d/K15htcacheclean changed
/etc/rc.d/rc3.d/K15htcacheclean changed
/etc/rc.d/rc4.d/K15htcacheclean changed
/etc/rc.d/rc5.d/K15htcacheclean changed
/etc/rc.d/rc6.d/K15htcacheclean changed
/var/cache/yum/x86_64/6/extras/repomd.xml.old.tmp changed
/var/cache/yum/x86_64/6/extras/repomdYcoCa2tmp.xml changed
/var/cache/yum/x86_64/6/updates/repomdVo54U2tmp.xml changed
/var/cache/yum/x86_64/6/nodesource/repomd.xml.old.tmp changed
/var/cache/yum/x86_64/6/updates/repomd.xml.old.tmp changed
/var/cache/yum/x86_64/6/mongodb-org-3.4/repomd1rlOnptmp.xml changed
/var/cache/yum/x86_64/6/nodesource/repomdQhHTkbtmp.xml changed
/var/cache/yum/x86_64/6/updates/packages/httpd-2.2.15-60.el6.centos.6.x86_64.rpm changed
/var/tmp/rpm-tmp.Z5sOQO changed
/etc/httpd/conf.d/php.conf;5a5e9577 changed
/var/run/yum.pid changed
/var/cache/yum/x86_64/6/base/packages/php-5.3.3-49.el6.x86_64.rpm changed
/var/cache/yum/x86_64/6/base/packages/php-5.3.3-49.el6.x86_64.rpm changed
/var/lib/yum/rpmdb-indexes/conflicts.tmp changed
/var/lib/yum/rpmdb-indexes/pkgtups-checksums.tmp changed
/var/lib/yum/transaction-all.2018-01-17.09:14.47 changed
/var/lib/yum/rpmdb-indexes/file-requires.tmp changed
/var/www/icons/php.gif;5a5e9577 changed
/var/lib/yum/transaction-done.2018-01-17.09:14.47 changed
/var/tmp/etilqs_io5LORuOj8l8J1v changed
/var/lib/yum/rpmdb-indexes/version.tmp changed
/var/www/html/.test.php.swp changed
/var/www/html/.test.php.swx changed
/var/www/html/4913 changed
/var/www/html/.test.php.swp changed
/var/www/html/test.php changed
/var/log/.cmd.log.swp changed
/var/log/.cmd.log.swp changed
/var/log/.cmd.log.swx changed
/var/log/4913 changed
/var/log/cmd.log changed
/var/log/.cmd.log.swp changed
/var/log/.cmd.log.swx changed
/var/log/.cmd.log.swp changed
/var/log/4913 changed
/var/log/cmd.log changed
/var/lib/yum/history/2017-06-05/45/config-repos changed
/var/lib/yum/rpmdb-indexes/conflicts.tmp changed
/var/run/yum.pid changed
/var/lib/yum/rpmdb-indexes/file-requires.tmp changed
/var/lib/yum/rpmdb-indexes/version.tmp changed
/var/tmp/etilqs_uUdvHUucGF19qWG changed
/var/lib/yum/transaction-done.2018-01-17.11:14.39 changed
/var/lib/yum/rpmdb-indexes/pkgtups-checksums.tmp changed
/var/lib/yum/transaction-all.2018-01-17.11:14.39 changed
/var/lib/yum/history/2017-06-05/45/saved_tx changed
/etc/httpd/conf.d/php.conf;5a5eb1c2 changed
/var/run/yum.pid changed
/var/cache/yum/x86_64/6/base/packages/php-5.3.3-49.el6.x86_64.rpm changed
/var/cache/yum/x86_64/6/base/packages/php-5.3.3-49.el6.x86_64.rpm changed
/var/lib/yum/transaction-all.2018-01-17.11:15.30 changed
/var/lib/yum/rpmdb-indexes/file-requires.tmp changed
/var/www/icons/php.gif;5a5eb1c2 changed
/var/tmp/etilqs_0ZlgUPa6G17ZZiK changed
/var/lib/yum/rpmdb-indexes/conflicts.tmp changed
/var/lib/yum/transaction-done.2018-01-17.11:15.30 changed
/var/lib/yum/rpmdb-indexes/pkgtups-checksums.tmp changed
/var/run/yum.pid changed
/var/lib/yum/rpmdb-indexes/version.tmp changed
/var/run/yum.pid changed
/var/lib/yum/rpmdb-indexes/file-requires.tmp changed
/var/lib/yum/rpmdb-indexes/conflicts.tmp changed
/var/lib/yum/rpmdb-indexes/file-requires.tmp changed
/var/lib/yum/rpmdb-indexes/conflicts.tmp changed
/var/lib/yum/transaction-all.2018-01-17.11:16.33 changed
/etc/httpd/conf.d/php.conf;5a5eb229 changed
/var/lib/yum/rpmdb-indexes/version.tmp changed
/var/lib/yum/transaction-done.2018-01-17.11:16.33 changed
/var/lib/yum/rpmdb-indexes/pkgtups-checksums.tmp changed
/var/tmp/etilqs_mzxQ8y3FcfASWp4 changed
/var/cache/yum/x86_64/6/base/packages/php-5.3.3-49.el6.x86_64.rpm changed
/var/lib/yum/rpmdb-indexes/version.tmp changed
/var/lib/yum/transaction-all.2018-01-17.11:17.13 changed
/var/lib/yum/rpmdb-indexes/pkgtups-checksums.tmp changed
/var/www/icons/php.gif;5a5eb229 changed
/var/lib/yum/rpmdb-indexes/conflicts.tmp changed
/var/lib/yum/transaction-done.2018-01-17.11:17.13 changed
/var/lib/yum/rpmdb-indexes/file-requires.tmp changed
/var/tmp/etilqs_dpCmVOOJgaknZMK changed
/var/log/.cmd.log.swp changed
/var/log/.cmd.log.swp changed
/var/log/.cmd.log.swx changed
/etc/httpd/conf.d/php.conf;5a5eb578 changed
/etc/etc/.pwd.lock changed
/etc/etc/a changed
/etc/etc/adjtime changed
/etc/etc/adjtime.rpmsave changed
/etc/etc/aliases changed
/etc/etc/alternatives/bin-iptables-xml.x86_64 changed
/etc/etc/alternatives/iptables.x86_64 changed
/etc/etc/alternatives/libip4tc0.x86_64 changed
/etc/etc/alternatives/libip6tc0.x86_64 changed
/etc/etc/alternatives/libip6tc000.x86_64 changed
/etc/etc/alternatives/libipq0.x86_64 changed
/etc/etc/alternatives/libipq000.x86_64 changed
/etc/etc/alternatives/libiptc0.x86_64 changed
/etc/etc/alternatives/libiptc000.x86_64 changed
/etc/etc/alternatives/libnssckbi.so.x86_64 changed
/etc/etc/alternatives/libxtables4.x86_64 changed
/etc/etc/alternatives/libxtables400.x86_64 changed
/etc/etc/alternatives/man-iptables-restore.x86_64 changed
/etc/etc/alternatives/man-iptables-save.x86_64 changed
/etc/etc/alternatives/man-iptables-xml.x86_64 changed
/etc/etc/b changed
/etc/etc/bash_completion.d/gdbus-bash-completion.sh changed
/etc/etc/bash_completion.d/git changed
/etc/etc/bash_completion.d/yum.bash changed
/etc/etc/bashrc changed
/etc/etc/BUILDTIME changed
/etc/etc/c changed
/etc/etc/centos-release changed
/etc/etc/crypttab changed
/etc/etc/csh.cshrc changed
/etc/etc/csh.login changed
/etc/etc/d changed
/etc/etc/dbus-1/system.d/Upstart.conf changed
/etc/etc/default/nss changed
/etc/etc/default/useradd changed
/etc/etc/depmod.d/dist.conf changed
/etc/etc/dhcp/dhclient-eth0.conf changed
/etc/etc/DIR_COLORS changed
/etc/etc/DIR_COLORS.256color changed
/etc/etc/DIR_COLORS.lightbgcolor changed
/etc/etc/environment changed
/etc/etc/ethers changed
/etc/etc/exports changed
/etc/etc/filesystems changed
/etc/etc/fstab changed
/etc/etc/alternatives/man-iptables.x86_64 changed
/etc/etc/alternatives/sbin-iptables-multi.x86_64 changed
/etc/etc/alternatives/sbin-iptables-restore.x86_64 changed
/etc/etc/alternatives/sbin-iptables-save.x86_64 changed
/etc/etc/favicon.png changed
/etc/etc/gai.conf changed
/etc/etc/group changed
/etc/etc/group- changed
/etc/etc/host.conf changed
/etc/etc/hostname changed
/etc/etc/hosts changed
/etc/etc/hosts.allow changed
/etc/etc/hosts.deny changed
/etc/etc/httpd/conf/httpd.conf changed
/var/run/yum.pid changed
/etc/.host.swpx changed
/etc/.host.swp changed
/etc/.host.swp changed
ORS changed
/etc/etc/DIR_COLORS.256color changed
/etc/etc/DIR_COLORS.lightbgcolor changed
/etc/etc/environment changed
/etc/etc/ethers changed
/etc/etc/exports changed
/etc/etc/filesystems changed
/etc/etc/fstab changed
/etc/etc/gai.conf changed
/etc/etc/group changed
/etc/etc/group- changed
/etc/etc/host.conf changed
/etc/etc/hostname changed
/etc/etc/hosts changed
/etc/etc/hosts.allow changed
/etc/etc/hosts.deny changed
/etc/etc/httpd/conf/httpd.conf changed
/etc/etc/favicon.png changed
/var/lib/yum/history/2017-06-05/49/config-main changed
/etc/.host.swpx changed
/etc/.host.swp changed
/etc/.host.swp changed
/var/run/yum.pid changed
