2018-01-17 12:06:11 /etc/ld.so.cache~ (CREATE)
2018-01-17 12:06:11 /etc/ld.so.cache~ (MODIFY)
2018-01-17 12:06:11 /etc/ld.so.cache~ (MODIFY)
2018-01-17 12:06:11 /etc/ld.so.cache~ (MODIFY)
2018-01-17 12:06:12 /etc/ld.so.cache~ (CREATE)
2018-01-17 12:06:12 /etc/ld.so.cache~ (MODIFY)
2018-01-17 12:06:12 /etc/ld.so.cache~ (MODIFY)
2018-01-17 12:06:12 /etc/ld.so.cache~ (MODIFY)
2018-01-17 12:06:12 /etc/php.d (CREATE,ISDIR)
2018-01-17 12:06:12 /etc/php.ini;5a5ebda1 (CREATE)
2018-01-17 12:06:12 /etc/php.ini;5a5ebda1 (MODIFY)
2018-01-17 12:06:12 /etc/php.ini;5a5ebda1 (MODIFY)
2018-01-17 12:06:13 /etc/mailcap;5a5ebda1 (CREATE)
2018-01-17 12:06:13 /etc/mailcap;5a5ebda1 (MODIFY)
2018-01-17 12:06:13 /etc/mime.types;5a5ebda1 (CREATE)
2018-01-17 12:06:13 /etc/mime.types;5a5ebda1 (MODIFY)
2018-01-17 12:06:13 /etc/mime.types;5a5ebda1 (MODIFY)
2018-01-17 12:06:14 /etc/group.472 (CREATE)
2018-01-17 12:06:14 /etc/group.472 (MODIFY)
2018-01-17 12:06:14 /etc/group.lock (CREATE)
2018-01-17 12:06:14 /etc/group.472 (DELETE)
2018-01-17 12:06:14 /etc/gshadow.472 (CREATE)
2018-01-17 12:06:14 /etc/gshadow.472 (MODIFY)
2018-01-17 12:06:14 /etc/gshadow.lock (CREATE)
2018-01-17 12:06:14 /etc/gshadow.472 (DELETE)
2018-01-17 12:06:14 /etc/group- (MODIFY)
2018-01-17 12:06:14 /etc/group- (MODIFY)
2018-01-17 12:06:14 /etc/group+ (CREATE)
2018-01-17 12:06:14 /etc/group+ (MODIFY)
2018-01-17 12:06:14 /etc/group.lock (DELETE)
2018-01-17 12:06:14 /etc/gshadow- (MODIFY)
2018-01-17 12:06:14 /etc/gshadow- (MODIFY)
2018-01-17 12:06:14 /etc/gshadow+ (CREATE)
2018-01-17 12:06:14 /etc/gshadow+ (MODIFY)
2018-01-17 12:06:14 /etc/gshadow.lock (DELETE)
2018-01-17 12:06:14 /etc/passwd.477 (CREATE)
2018-01-17 12:06:14 /etc/passwd.477 (MODIFY)
2018-01-17 12:06:14 /etc/passwd.lock (CREATE)
2018-01-17 12:06:14 /etc/passwd.477 (DELETE)
2018-01-17 12:06:14 /etc/group.477 (CREATE)
2018-01-17 12:06:14 /etc/group.477 (MODIFY)
2018-01-17 12:06:14 /etc/group.lock (CREATE)
2018-01-17 12:06:14 /etc/group.477 (DELETE)
2018-01-17 12:06:14 /etc/gshadow.477 (CREATE)
2018-01-17 12:06:14 /etc/gshadow.477 (MODIFY)
2018-01-17 12:06:14 /etc/gshadow.lock (CREATE)
2018-01-17 12:06:14 /etc/gshadow.477 (DELETE)
2018-01-17 12:06:14 /etc/shadow.477 (CREATE)
2018-01-17 12:06:14 /etc/shadow.477 (MODIFY)
2018-01-17 12:06:14 /etc/shadow.lock (CREATE)
2018-01-17 12:06:14 /etc/shadow.477 (DELETE)
2018-01-17 12:06:14 /etc/passwd- (MODIFY)
2018-01-17 12:06:14 /etc/passwd- (MODIFY)
2018-01-17 12:06:14 /etc/passwd+ (CREATE)
2018-01-17 12:06:14 /etc/passwd+ (MODIFY)
2018-01-17 12:06:15 /etc/shadow- (MODIFY)
2018-01-17 12:06:15 /etc/shadow- (MODIFY)
2018-01-17 12:06:15 /etc/shadow+ (CREATE)
2018-01-17 12:06:15 /etc/shadow+ (MODIFY)
2018-01-17 12:06:15 /etc/shadow.lock (DELETE)
2018-01-17 12:06:15 /etc/passwd.lock (DELETE)
2018-01-17 12:06:15 /etc/group.lock (DELETE)
2018-01-17 12:06:15 /etc/gshadow.lock (DELETE)
2018-01-17 12:06:15 /etc/httpd (CREATE,ISDIR)
2018-01-17 12:06:15 /var/www (CREATE,ISDIR)
2018-01-17 12:06:17 /etc/ld.so.cache~ (CREATE)
2018-01-17 12:06:17 /etc/ld.so.cache~ (MODIFY)
