2017-12-19 08:12:06 /etc/sudo-ldap.conf;5a384b46 (CREATE)
2017-12-19 08:12:06 /etc/sudo-ldap.conf;5a384b46 (MODIFY)
2017-12-19 08:12:06 /etc/sudo.conf;5a384b46 (CREATE)
2017-12-19 08:12:06 /etc/sudo.conf;5a384b46 (MODIFY)
2017-12-19 08:12:06 /etc/sudoers;5a384b46 (CREATE)
2017-12-19 08:12:06 /etc/sudoers;5a384b46 (MODIFY)
2017-12-19 08:12:06 /etc/sudoers.d (CREATE,ISDIR)
2017-12-19 08:13:33 /etc/passwd.462 (CREATE)
2017-12-19 08:13:33 /etc/passwd.462 (MODIFY)
2017-12-19 08:13:33 /etc/passwd.lock (CREATE)
2017-12-19 08:13:33 /etc/passwd.462 (DELETE)
2017-12-19 08:13:33 /etc/group.462 (CREATE)
2017-12-19 08:13:33 /etc/group.462 (MODIFY)
2017-12-19 08:13:33 /etc/group.lock (CREATE)
2017-12-19 08:13:33 /etc/group.462 (DELETE)
2017-12-19 08:13:33 /etc/gshadow.462 (CREATE)
2017-12-19 08:13:33 /etc/gshadow.462 (MODIFY)
2017-12-19 08:13:33 /etc/gshadow.lock (CREATE)
2017-12-19 08:13:33 /etc/gshadow.462 (DELETE)
2017-12-19 08:13:33 /etc/shadow.462 (CREATE)
2017-12-19 08:13:33 /etc/shadow.462 (MODIFY)
2017-12-19 08:13:33 /etc/shadow.lock (CREATE)
2017-12-19 08:13:33 /etc/shadow.462 (DELETE)
2017-12-19 08:13:33 /etc/passwd- (MODIFY)
2017-12-19 08:13:33 /etc/passwd+ (CREATE)
2017-12-19 08:13:33 /etc/passwd+ (MODIFY)
2017-12-19 08:13:33 /etc/shadow- (MODIFY)
2017-12-19 08:13:33 /etc/shadow- (MODIFY)
2017-12-19 08:13:33 /etc/shadow+ (CREATE)
2017-12-19 08:13:33 /etc/shadow+ (MODIFY)
2017-12-19 08:13:33 /etc/group- (MODIFY)
2017-12-19 08:13:33 /etc/group- (MODIFY)
2017-12-19 08:13:33 /etc/group+ (CREATE)
2017-12-19 08:13:33 /etc/group+ (MODIFY)
2017-12-19 08:13:34 /etc/gshadow- (MODIFY)
2017-12-19 08:13:34 /etc/gshadow- (MODIFY)
2017-12-19 08:13:34 /etc/gshadow+ (CREATE)
2017-12-19 08:13:34 /etc/gshadow+ (MODIFY)
2017-12-19 08:13:34 /etc/shadow.lock (DELETE)
2017-12-19 08:13:34 /etc/passwd.lock (DELETE)
2017-12-19 08:13:34 /etc/group.lock (DELETE)
2017-12-19 08:13:34 /etc/gshadow.lock (DELETE)
2017-12-19 08:15:27 /etc/nshadow (CREATE)
2017-12-19 08:15:27 /etc/nshadow (MODIFY)
2017-12-19 08:18:44 /etc/passwd.554 (CREATE)
2017-12-19 08:18:44 /etc/passwd.554 (MODIFY)
2017-12-19 08:18:44 /etc/passwd.lock (CREATE)
2017-12-19 08:18:44 /etc/passwd.554 (DELETE)
2017-12-19 08:18:44 /etc/shadow.554 (CREATE)
2017-12-19 08:18:44 /etc/shadow.554 (MODIFY)
2017-12-19 08:18:44 /etc/shadow.lock (CREATE)
2017-12-19 08:18:44 /etc/shadow.554 (DELETE)
2017-12-19 08:18:44 /etc/group.554 (CREATE)
2017-12-19 08:18:44 /etc/group.554 (MODIFY)
2017-12-19 08:18:44 /etc/group.lock (CREATE)
2017-12-19 08:18:44 /etc/group.554 (DELETE)
2017-12-19 08:18:44 /etc/gshadow.554 (CREATE)
2017-12-19 08:18:44 /etc/gshadow.554 (MODIFY)
2017-12-19 08:18:44 /etc/gshadow.lock (CREATE)
2017-12-19 08:18:44 /etc/gshadow.554 (DELETE)
2017-12-19 08:18:44 /etc/passwd- (MODIFY)
2017-12-19 08:18:44 /etc/passwd- (MODIFY)
2017-12-19 08:18:44 /etc/passwd+ (CREATE)
2017-12-19 08:18:44 /etc/passwd+ (MODIFY)
2017-12-19 08:18:45 /etc/passwd.lock (DELETE)
2017-12-19 08:18:45 /etc/shadow- (MODIFY)
2017-12-19 08:18:45 /etc/shadow- (MODIFY)
2017-12-19 08:18:45 /etc/shadow+ (CREATE)
2017-12-19 08:18:45 /etc/shadow+ (MODIFY)
2017-12-19 08:18:45 /etc/shadow.lock (DELETE)
2017-12-19 08:18:45 /etc/group- (MODIFY)
2017-12-19 08:18:45 /etc/group- (MODIFY)
2017-12-19 08:18:45 /etc/group+ (CREATE)
2017-12-19 08:18:45 /etc/group+ (MODIFY)
2017-12-19 08:18:45 /etc/group.lock (DELETE)
2017-12-19 08:18:45 /etc/gshadow- (MODIFY)
2017-12-19 08:18:45 /etc/gshadow- (MODIFY)
2017-12-19 08:18:45 /etc/gshadow+ (CREATE)
2017-12-19 08:18:45 /etc/gshadow+ (MODIFY)
2017-12-19 08:18:45 /etc/gshadow.lock (DELETE)
2017-12-19 08:19:58 /etc/passwd.566 (CREATE)
2017-12-19 08:19:58 /etc/passwd.566 (MODIFY)
2017-12-19 08:19:58 /etc/passwd.lock (CREATE)
2017-12-19 08:19:58 /etc/passwd.566 (DELETE)
2017-12-19 08:19:58 /etc/group.566 (CREATE)
2017-12-19 08:19:58 /etc/group.566 (MODIFY)
2017-12-19 08:19:58 /etc/group.lock (CREATE)
2017-12-19 08:19:58 /etc/group.566 (DELETE)
2017-12-19 08:19:58 /etc/gshadow.566 (CREATE)
2017-12-19 08:19:58 /etc/gshadow.566 (MODIFY)
2017-12-19 08:19:58 /etc/gshadow.lock (CREATE)
2017-12-19 08:19:58 /etc/gshadow.566 (DELETE)
2017-12-19 08:19:58 /etc/shadow.566 (CREATE)
2017-12-19 08:19:58 /etc/shadow.566 (MODIFY)
2017-12-19 08:19:58 /etc/shadow.lock (CREATE)
2017-12-19 08:19:58 /etc/shadow.566 (DELETE)
2017-12-19 08:19:58 /etc/passwd- (MODIFY)
2017-12-19 08:19:58 /etc/passwd- (MODIFY)
2017-12-19 08:19:58 /etc/passwd+ (CREATE)
2017-12-19 08:19:58 /etc/passwd+ (MODIFY)
2017-12-19 08:19:58 /etc/shadow- (MODIFY)
2017-12-19 08:19:58 /etc/shadow- (MODIFY)
2017-12-19 08:19:58 /etc/shadow+ (CREATE)
2017-12-19 08:19:58 /etc/shadow+ (MODIFY)
2017-12-19 08:19:58 /etc/group- (MODIFY)
2017-12-19 08:19:58 /etc/group- (MODIFY)
2017-12-19 08:19:58 /etc/group+ (CREATE)
2017-12-19 08:19:58 /etc/group+ (MODIFY)
2017-12-19 08:19:58 /etc/gshadow- (MODIFY)
2017-12-19 08:19:58 /etc/gshadow- (MODIFY)
2017-12-19 08:19:58 /etc/gshadow+ (CREATE)
2017-12-19 08:19:58 /etc/gshadow+ (MODIFY)
2017-12-19 08:19:58 /etc/shadow.lock (DELETE)
2017-12-19 08:19:58 /etc/passwd.lock (DELETE)
2017-12-19 08:19:58 /etc/group.lock (DELETE)
2017-12-19 08:19:58 /etc/gshadow.lock (DELETE)
2017-12-19 08:20:50 /etc/nshadow (CREATE)
2017-12-19 08:20:50 /etc/nshadow (MODIFY)
2017-12-19 08:24:17 /etc/passwd.603 (CREATE)
2017-12-19 08:24:17 /etc/passwd.603 (MODIFY)
2017-12-19 08:24:17 /etc/passwd.lock (CREATE)
2017-12-19 08:24:17 /etc/passwd.603 (DELETE)
2017-12-19 08:24:17 /etc/shadow.603 (CREATE)
2017-12-19 08:24:17 /etc/shadow.603 (MODIFY)
2017-12-19 08:24:17 /etc/shadow.lock (CREATE)
2017-12-19 08:24:17 /etc/shadow.603 (DELETE)
2017-12-19 08:24:17 /etc/group.603 (CREATE)
2017-12-19 08:24:17 /etc/group.603 (MODIFY)
2017-12-19 08:24:17 /etc/group.lock (CREATE)
2017-12-19 08:24:17 /etc/group.603 (DELETE)
2017-12-19 08:24:17 /etc/gshadow.603 (CREATE)
2017-12-19 08:24:17 /etc/gshadow.603 (MODIFY)
2017-12-19 08:24:17 /etc/gshadow.lock (CREATE)
2017-12-19 08:24:17 /etc/gshadow.603 (DELETE)
2017-12-19 08:24:17 /etc/group- (MODIFY)
2017-12-19 08:24:17 /etc/group- (MODIFY)
2017-12-19 08:24:17 /etc/group+ (CREATE)
2017-12-19 08:24:17 /etc/group+ (MODIFY)
2017-12-19 08:24:17 /etc/gshadow- (MODIFY)
2017-12-19 08:24:17 /etc/gshadow- (MODIFY)
2017-12-19 08:24:17 /etc/gshadow+ (CREATE)
2017-12-19 08:24:17 /etc/gshadow+ (MODIFY)
2017-12-19 08:24:17 /etc/gshadow.lock (DELETE)
2017-12-19 08:24:17 /etc/group.lock (DELETE)
2017-12-19 08:24:17 /etc/shadow.lock (DELETE)
2017-12-19 08:24:17 /etc/passwd.lock (DELETE)
2017-12-19 08:24:35 /etc/sudoers.tmp (CREATE)
2017-12-19 08:24:35 /etc/sudoers.tmp (MODIFY)
2017-12-19 08:24:35 /etc/.sudoers.tmp.swp (CREATE)
2017-12-19 08:24:35 /etc/.sudoers.tmp.swx (CREATE)
2017-12-19 08:24:35 /etc/.sudoers.tmp.swx (DELETE)
2017-12-19 08:24:35 /etc/.sudoers.tmp.swp (DELETE)
2017-12-19 08:24:35 /etc/.sudoers.tmp.swp (CREATE)
2017-12-19 08:24:35 /etc/.sudoers.tmp.swp (MODIFY)
2017-12-19 08:24:39 /etc/.sudoers.tmp.swp (MODIFY)
2017-12-19 08:24:49 /etc/.sudoers.tmp.swp (MODIFY)
2017-12-19 08:25:01 /etc/.sudoers.tmp.swp (MODIFY)
2017-12-19 08:25:05 /etc/.sudoers.tmp.swp (MODIFY)
2017-12-19 08:25:08 /etc/4913 (CREATE)
2017-12-19 08:25:08 /etc/4913 (DELETE)
2017-12-19 08:25:08 /etc/sudoers.tmp (CREATE)
2017-12-19 08:25:08 /etc/sudoers.tmp (MODIFY)
2017-12-19 08:25:08 /etc/.sudoers.tmp.swp (MODIFY)
2017-12-19 08:25:08 /etc/sudoers.tmp~ (DELETE)
2017-12-19 08:25:08 /etc/.sudoers.tmp.swp (DELETE)
2017-12-19 08:28:33 /etc/nshadow (CREATE)
2017-12-19 08:28:33 /etc/nshadow (MODIFY)
2017-12-19 09:08:35 /etc/ld.so.cache~ (CREATE)
2017-12-19 09:08:35 /etc/ld.so.cache~ (MODIFY)
2017-12-19 09:08:36 /etc/ld.so.cache~ (CREATE)
2017-12-19 09:08:36 /etc/ld.so.cache~ (MODIFY)
2017-12-19 09:08:36 /etc/ld.so.cache~ (MODIFY)
2017-12-19 09:08:36 /etc/ld.so.cache~ (MODIFY)
2017-12-19 09:08:37 /etc/mailcap;5a385882 (CREATE)
2017-12-19 09:08:37 /etc/mailcap;5a385882 (MODIFY)
2017-12-19 09:08:37 /etc/mime.types;5a385882 (CREATE)
2017-12-19 09:08:37 /etc/mime.types;5a385882 (MODIFY)
2017-12-19 09:08:37 /etc/group.703 (CREATE)
2017-12-19 09:08:37 /etc/group.703 (MODIFY)
2017-12-19 09:08:37 /etc/group.lock (CREATE)
2017-12-19 09:08:37 /etc/group.703 (DELETE)
2017-12-19 09:08:37 /etc/gshadow.703 (CREATE)
2017-12-19 09:08:37 /etc/gshadow.703 (MODIFY)
2017-12-19 09:08:37 /etc/gshadow.lock (CREATE)
2017-12-19 09:08:37 /etc/gshadow.703 (DELETE)
2017-12-19 09:08:37 /etc/group- (MODIFY)
2017-12-19 09:08:37 /etc/group+ (CREATE)
2017-12-19 09:08:37 /etc/group+ (MODIFY)
2017-12-19 09:08:37 /etc/group.lock (DELETE)
2017-12-19 09:08:37 /etc/gshadow- (MODIFY)
2017-12-19 09:08:37 /etc/gshadow- (MODIFY)
2017-12-19 09:08:37 /etc/gshadow+ (CREATE)
2017-12-19 09:08:37 /etc/gshadow+ (MODIFY)
2017-12-19 09:08:37 /etc/gshadow.lock (DELETE)
2017-12-19 09:08:37 /etc/passwd.708 (CREATE)
2017-12-19 09:08:37 /etc/passwd.708 (MODIFY)
2017-12-19 09:08:37 /etc/passwd.lock (CREATE)
2017-12-19 09:08:37 /etc/passwd.708 (DELETE)
2017-12-19 09:08:37 /etc/group.708 (CREATE)
2017-12-19 09:08:37 /etc/group.708 (MODIFY)
2017-12-19 09:08:37 /etc/group.lock (CREATE)
2017-12-19 09:08:37 /etc/group.708 (DELETE)
2017-12-19 09:08:37 /etc/gshadow.708 (CREATE)
2017-12-19 09:08:37 /etc/gshadow.708 (MODIFY)
2017-12-19 09:08:37 /etc/gshadow.lock (CREATE)
2017-12-19 09:08:37 /etc/gshadow.708 (DELETE)
2017-12-19 09:08:37 /etc/shadow.708 (CREATE)
2017-12-19 09:08:37 /etc/shadow.708 (MODIFY)
2017-12-19 09:08:37 /etc/shadow.lock (CREATE)
2017-12-19 09:08:37 /etc/shadow.708 (DELETE)
2017-12-19 09:08:38 /etc/passwd- (MODIFY)
2017-12-19 09:08:38 /etc/passwd- (MODIFY)
2017-12-19 09:08:38 /etc/passwd+ (CREATE)
2017-12-19 09:08:38 /etc/passwd+ (MODIFY)
2017-12-19 09:08:38 /etc/shadow- (MODIFY)
2017-12-19 09:08:38 /etc/shadow- (MODIFY)
2017-12-19 09:08:38 /etc/shadow+ (CREATE)
2017-12-19 09:08:38 /etc/shadow+ (MODIFY)
2017-12-19 09:08:38 /etc/shadow.lock (DELETE)
2017-12-19 09:08:38 /etc/passwd.lock (DELETE)
2017-12-19 09:08:38 /etc/group.lock (DELETE)
2017-12-19 09:08:38 /etc/gshadow.lock (DELETE)
2017-12-19 09:08:38 /etc/httpd (CREATE,ISDIR)
2017-12-19 09:08:38 /var/www (CREATE,ISDIR)
2017-12-19 09:10:33 /var/www (DELETE,ISDIR)
2017-12-19 09:10:33 /etc/httpd (DELETE,ISDIR)
2017-12-19 09:10:34 /etc/ld.so.cache~ (CREATE)
2017-12-19 09:10:34 /etc/ld.so.cache~ (MODIFY)
2017-12-19 09:10:34 /etc/ld.so.cache~ (MODIFY)
2017-12-19 09:10:35 /etc/ld.so.cache~ (CREATE)
2017-12-19 09:10:35 /etc/ld.so.cache~ (MODIFY)
2017-12-19 09:13:17 /etc/ld.so.cache~ (CREATE)
2017-12-19 09:13:17 /etc/ld.so.cache~ (MODIFY)
2017-12-19 09:13:17 /etc/ld.so.cache~ (MODIFY)
2017-12-19 09:13:17 /etc/ld.so.cache~ (MODIFY)
2017-12-19 09:13:17 /etc/ld.so.cache~ (CREATE)
2017-12-19 09:13:17 /etc/ld.so.cache~ (MODIFY)
2017-12-19 09:13:17 /etc/ld.so.cache~ (MODIFY)
2017-12-19 09:13:17 /etc/ld.so.cache~ (MODIFY)
2017-12-19 09:13:19 /etc/httpd (CREATE,ISDIR)
2017-12-19 09:13:19 /var/www (CREATE,ISDIR)
2017-12-19 13:10:42 /etc/php.d (CREATE,ISDIR)
2017-12-19 13:10:42 /etc/php.ini;5a389142 (CREATE)
2017-12-19 13:10:42 /etc/php.ini;5a389142 (MODIFY)
2017-12-19 13:10:43 /etc/ld.so.cache~ (CREATE)
2017-12-19 13:10:43 /etc/ld.so.cache~ (MODIFY)
2017-12-19 13:10:43 /etc/ld.so.cache~ (MODIFY)
2017-12-21 13:35:26 /etc/passwd.1652 (CREATE)
2017-12-21 13:35:26 /etc/passwd.1652 (MODIFY)
2017-12-21 13:35:26 /etc/passwd.lock (CREATE)
2017-12-21 13:35:26 /etc/passwd.1652 (DELETE)
2017-12-21 13:35:26 /etc/group.1652 (CREATE)
2017-12-21 13:35:26 /etc/group.1652 (MODIFY)
2017-12-21 13:35:26 /etc/group.lock (CREATE)
2017-12-21 13:35:26 /etc/group.1652 (DELETE)
2017-12-21 13:35:26 /etc/gshadow.1652 (CREATE)
2017-12-21 13:35:26 /etc/gshadow.1652 (MODIFY)
2017-12-21 13:35:26 /etc/gshadow.lock (CREATE)
2017-12-21 13:35:26 /etc/gshadow.1652 (DELETE)
2017-12-21 13:35:26 /etc/shadow.1652 (CREATE)
2017-12-21 13:35:26 /etc/shadow.1652 (MODIFY)
2017-12-21 13:35:26 /etc/shadow.lock (CREATE)
2017-12-21 13:35:26 /etc/shadow.1652 (DELETE)
2017-12-21 13:35:26 /etc/passwd- (MODIFY)
2017-12-21 13:35:26 /etc/passwd- (MODIFY)
2017-12-21 13:35:26 /etc/passwd+ (CREATE)
2017-12-21 13:35:26 /etc/passwd+ (MODIFY)
2017-12-21 13:35:26 /etc/shadow- (MODIFY)
2017-12-21 13:35:26 /etc/shadow+ (CREATE)
2017-12-21 13:35:26 /etc/shadow+ (MODIFY)
2017-12-21 13:35:26 /etc/group- (MODIFY)
2017-12-21 13:35:26 /etc/group+ (CREATE)
2017-12-21 13:35:26 /etc/group+ (MODIFY)
2017-12-21 13:35:27 /etc/gshadow- (MODIFY)
2017-12-21 13:35:27 /etc/gshadow+ (CREATE)
2017-12-21 13:35:27 /etc/gshadow+ (MODIFY)
2017-12-21 13:35:27 /etc/shadow.lock (DELETE)
2017-12-21 13:35:27 /etc/passwd.lock (DELETE)
2017-12-21 13:35:27 /etc/group.lock (DELETE)
2017-12-21 13:35:27 /etc/gshadow.lock (DELETE)
2017-12-21 13:35:59 /etc/nshadow (CREATE)
2017-12-21 13:35:59 /etc/nshadow (MODIFY)
2017-12-30 01:31:29 /var/.vim.swp (CREATE)
2017-12-30 01:31:29 /var/.vim.swpx (CREATE)
2017-12-30 01:31:29 /var/.vim.swpx (DELETE)
2017-12-30 01:31:29 /var/.vim.swp (DELETE)
2017-12-30 01:31:29 /var/.vim.swp (CREATE)
2017-12-30 01:31:29 /var/.vim.swp (MODIFY)
2017-12-30 01:31:30 /var/vim (CREATE)
2017-12-30 01:31:32 /var/.vim.swp (DELETE)
2017-12-30 01:32:48 /var/command.log (CREATE)
2017-12-30 01:32:48 /var/command.log (MODIFY)
2017-12-30 01:32:58 /var/command.log (MODIFY)
2017-12-30 01:32:58 /var/command.log (MODIFY)
2017-12-30 01:32:59 /var/command.log (MODIFY)
2017-12-30 01:32:59 /var/command.log (MODIFY)
2017-12-30 01:33:00 /var/command.log (MODIFY)
2017-12-30 01:33:00 /var/command.log (MODIFY)
2017-12-30 01:33:00 /var/command.log (MODIFY)
2017-12-30 01:33:01 /var/command.log (MODIFY)
2017-12-30 01:33:01 /var/command.log (MODIFY)
2017-12-30 01:33:01 /var/command.log (MODIFY)
2017-12-30 01:33:01 /var/command.log (MODIFY)
2017-12-30 01:33:02 /var/command.log (MODIFY)
2017-12-30 01:33:02 /var/command.log (MODIFY)
2017-12-30 01:33:02 /var/command.log (MODIFY)
2017-12-30 01:33:02 /var/command.log (MODIFY)
2017-12-30 01:33:02 /var/command.log (MODIFY)
2017-12-30 01:33:02 /var/command.log (MODIFY)
2017-12-30 01:33:26 /var/command.log (MODIFY)
2017-12-30 01:33:26 /var/command.log (MODIFY)
2017-12-30 01:33:26 /var/command.log (MODIFY)
2017-12-30 01:33:27 /var/command.log (MODIFY)
2017-12-30 01:33:27 /var/command.log (MODIFY)
2017-12-30 01:33:27 /var/command.log (MODIFY)
2017-12-30 01:33:28 /var/command.log (MODIFY)
2017-12-30 01:33:29 /var/command.log (MODIFY)
2017-12-30 01:33:38 /var/command.log (MODIFY)
2017-12-30 01:33:38 /var/command.log (MODIFY)
2017-12-30 01:33:40 /var/command.log (MODIFY)
2017-12-30 01:33:40 /var/command.log (MODIFY)
2017-12-30 01:33:40 /var/command.log (MODIFY)
2017-12-30 01:33:40 /var/command.log (MODIFY)
2017-12-30 01:33:41 /var/command.log (MODIFY)
2017-12-30 01:46:38 /var/.command.log.swp (CREATE)
2017-12-30 01:46:38 /var/.command.log.swx (CREATE)
2017-12-30 01:46:38 /var/.command.log.swx (DELETE)
2017-12-30 01:46:38 /var/.command.log.swp (DELETE)
2017-12-30 01:46:38 /var/.command.log.swp (CREATE)
2017-12-30 01:46:38 /var/.command.log.swp (MODIFY)
2017-12-30 01:46:42 /var/.command.log.swp (MODIFY)
2017-12-30 01:46:42 /var/.command.log.swp (MODIFY)
2017-12-30 01:47:14 /var/4913 (CREATE)
2017-12-30 01:47:14 /var/4913 (DELETE)
2017-12-30 01:47:14 /var/command.log (CREATE)
2017-12-30 01:47:14 /var/command.log (MODIFY)
2017-12-30 01:47:14 /var/command.log~ (DELETE)
2017-12-30 01:47:14 /var/.command.log.swp (DELETE)
2017-12-30 01:53:37 /var/.command.log.swp (CREATE)
2017-12-30 01:53:37 /var/.command.log.swx (CREATE)
2017-12-30 01:53:37 /var/.command.log.swx (DELETE)
2017-12-30 01:53:37 /var/.command.log.swp (DELETE)
2017-12-30 01:53:37 /var/.command.log.swp (CREATE)
2017-12-30 01:53:37 /var/.command.log.swp (MODIFY)
2017-12-30 01:53:38 /var/4913 (CREATE)
2017-12-30 01:53:38 /var/4913 (DELETE)
2017-12-30 01:53:38 /var/command.log (CREATE)
2017-12-30 01:53:38 /var/command.log (MODIFY)
2017-12-30 01:53:38 /var/command.log~ (DELETE)
2017-12-30 01:53:38 /var/.command.log.swp (DELETE)
2017-12-30 01:54:44 /var/command.log (DELETE)
2017-12-30 01:54:59 /var/cmd.log (CREATE)
2017-12-30 01:54:59 /var/cmd.log (MODIFY)
2017-12-30 01:54:59 /var/cmd.log (MODIFY)
2017-12-30 01:55:03 /var/cmd.log (MODIFY)
2017-12-30 01:55:03 /var/cmd.log (MODIFY)
2017-12-30 01:55:03 /var/cmd.log (MODIFY)
2017-12-30 01:55:03 /var/cmd.log (MODIFY)
2017-12-30 01:55:03 /var/cmd.log (MODIFY)
2017-12-30 01:55:03 /var/cmd.log (MODIFY)
2017-12-30 01:55:05 /var/cmd.log (MODIFY)
2017-12-30 01:55:05 /var/cmd.log (MODIFY)
2017-12-30 01:55:05 /var/cmd.log (MODIFY)
2017-12-30 01:55:05 /var/cmd.log (MODIFY)
2017-12-30 01:55:05 /var/cmd.log (MODIFY)
2017-12-30 01:55:06 /var/cmd.log (MODIFY)
2017-12-30 01:55:06 /var/cmd.log (MODIFY)
2017-12-30 01:55:06 /var/cmd.log (MODIFY)
2017-12-30 01:55:06 /var/cmd.log (MODIFY)
2017-12-30 01:55:06 /var/cmd.log (MODIFY)
2017-12-30 01:55:06 /var/cmd.log (MODIFY)
2017-12-30 01:55:09 /var/cmd.log (MODIFY)
2017-12-30 01:55:09 /var/cmd.log (MODIFY)
2017-12-30 01:55:09 /var/cmd.log (MODIFY)
2017-12-30 01:55:09 /var/cmd.log (MODIFY)
2017-12-30 01:55:09 /var/cmd.log (MODIFY)
2017-12-30 01:55:09 /var/cmd.log (MODIFY)
2017-12-30 01:55:11 /var/cmd.log (MODIFY)
2017-12-30 01:55:11 /var/cmd.log (MODIFY)
2017-12-30 01:55:11 /var/cmd.log (MODIFY)
2017-12-30 01:55:11 /var/cmd.log (MODIFY)
2017-12-30 01:55:11 /var/cmd.log (MODIFY)
2017-12-30 01:55:11 /var/cmd.log (MODIFY)
2017-12-30 01:55:11 /var/cmd.log (MODIFY)
2017-12-30 02:03:08 /etc/group.2570 (CREATE)
2017-12-30 02:03:08 /etc/group.2570 (MODIFY)
2017-12-30 02:03:08 /etc/group.lock (CREATE)
2017-12-30 02:03:08 /etc/group.2570 (DELETE)
2017-12-30 02:03:08 /etc/gshadow.2570 (CREATE)
2017-12-30 02:03:08 /etc/gshadow.2570 (MODIFY)
2017-12-30 02:03:08 /etc/gshadow.lock (CREATE)
2017-12-30 02:03:08 /etc/gshadow.2570 (DELETE)
2017-12-30 02:03:08 /etc/group- (MODIFY)
2017-12-30 02:03:08 /etc/group- (MODIFY)
2017-12-30 02:03:08 /etc/group+ (CREATE)
2017-12-30 02:03:08 /etc/group+ (MODIFY)
2017-12-30 02:03:08 /etc/group.lock (DELETE)
2017-12-30 02:03:08 /etc/gshadow- (MODIFY)
2017-12-30 02:03:08 /etc/gshadow- (MODIFY)
2017-12-30 02:03:08 /etc/gshadow+ (CREATE)
2017-12-30 02:03:08 /etc/gshadow+ (MODIFY)
2017-12-30 02:03:08 /etc/gshadow.lock (DELETE)
2017-12-30 02:03:08 /etc/passwd.2575 (CREATE)
2017-12-30 02:03:08 /etc/passwd.2575 (MODIFY)
2017-12-30 02:03:08 /etc/passwd.lock (CREATE)
2017-12-30 02:03:08 /etc/passwd.2575 (DELETE)
2017-12-30 02:03:08 /etc/group.2575 (CREATE)
2017-12-30 02:03:08 /etc/group.2575 (MODIFY)
2017-12-30 02:03:08 /etc/group.lock (CREATE)
2017-12-30 02:03:08 /etc/group.2575 (DELETE)
2017-12-30 02:03:08 /etc/gshadow.2575 (CREATE)
2017-12-30 02:03:08 /etc/gshadow.2575 (MODIFY)
2017-12-30 02:03:08 /etc/gshadow.lock (CREATE)
2017-12-30 02:03:08 /etc/gshadow.2575 (DELETE)
2017-12-30 02:03:08 /etc/shadow.2575 (CREATE)
2017-12-30 02:03:08 /etc/shadow.2575 (MODIFY)
2017-12-30 02:03:08 /etc/shadow.lock (CREATE)
2017-12-30 02:03:08 /etc/shadow.2575 (DELETE)
2017-12-30 02:03:08 /etc/passwd- (MODIFY)
2017-12-30 02:03:08 /etc/passwd- (MODIFY)
2017-12-30 02:03:08 /etc/passwd+ (CREATE)
2017-12-30 02:03:08 /etc/passwd+ (MODIFY)
2017-12-30 02:03:08 /etc/shadow- (MODIFY)
2017-12-30 02:03:08 /etc/shadow- (MODIFY)
2017-12-30 02:03:08 /etc/shadow+ (CREATE)
2017-12-30 02:03:08 /etc/shadow+ (MODIFY)
2017-12-30 02:03:08 /etc/shadow.lock (DELETE)
2017-12-30 02:03:08 /etc/passwd.lock (DELETE)
2017-12-30 02:03:08 /etc/group.lock (DELETE)
2017-12-30 02:03:08 /etc/gshadow.lock (DELETE)
2017-12-30 02:03:08 /etc/mongod.conf;5a46753e (CREATE)
2017-12-30 02:03:08 /etc/mongod.conf;5a46753e (MODIFY)
2017-12-30 02:06:25 /var/cmd.log (MODIFY)
2017-12-30 02:06:25 /var/cmd.log (MODIFY)
2017-12-30 02:06:25 /var/cmd.log (MODIFY)
2017-12-30 02:06:28 /var/cmd.log (MODIFY)
2017-12-30 02:06:28 /var/cmd.log (MODIFY)
2017-12-30 02:06:28 /var/cmd.log (MODIFY)
2017-12-30 02:06:28 /var/cmd.log (MODIFY)
2017-12-30 02:06:29 /var/cmd.log (MODIFY)
2017-12-30 02:06:29 /var/cmd.log (MODIFY)
2017-12-30 02:06:29 /var/cmd.log (MODIFY)
2017-12-30 02:06:29 /var/cmd.log (MODIFY)
2017-12-30 02:06:29 /var/cmd.log (MODIFY)
2017-12-30 02:06:30 /var/cmd.log (MODIFY)
2017-12-30 02:06:32 /var/cmd.log (MODIFY)
2017-12-30 02:06:32 /var/cmd.log (MODIFY)
2017-12-30 02:06:32 /var/cmd.log (MODIFY)
2017-12-30 02:06:32 /var/cmd.log (MODIFY)
2017-12-30 02:06:32 /var/cmd.log (MODIFY)
2017-12-30 02:06:32 /var/cmd.log (MODIFY)
2017-12-30 02:06:32 /var/cmd.log (MODIFY)
2017-12-30 02:06:32 /var/cmd.log (MODIFY)
2017-12-30 02:07:25 /var/cmd.log (MODIFY)
2017-12-30 02:07:25 /var/cmd.log (MODIFY)
2017-12-30 02:07:25 /var/cmd.log (MODIFY)
2017-12-30 02:07:29 /var/cmd.log (MODIFY)
2017-12-30 02:07:29 /var/cmd.log (MODIFY)
2017-12-30 02:07:29 /var/cmd.log (MODIFY)
2017-12-30 02:07:29 /var/cmd.log (MODIFY)
2017-12-30 02:07:29 /var/cmd.log (MODIFY)
2017-12-30 02:07:30 /var/cmd.log (MODIFY)
2017-12-30 02:07:30 /var/cmd.log (MODIFY)
2017-12-30 02:07:30 /var/cmd.log (MODIFY)
2017-12-30 02:07:32 /var/cmd.log (MODIFY)
2017-12-30 02:07:32 /var/cmd.log (MODIFY)
2017-12-30 02:07:33 /var/cmd.log (MODIFY)
2017-12-30 02:07:33 /var/cmd.log (MODIFY)
2017-12-30 02:07:33 /var/cmd.log (MODIFY)
2017-12-30 02:07:33 /var/cmd.log (MODIFY)
2017-12-30 02:07:33 /var/cmd.log (MODIFY)
2017-12-30 02:07:34 /var/cmd.log (MODIFY)
2017-12-30 02:07:34 /var/cmd.log (MODIFY)
2017-12-30 02:07:34 /var/cmd.log (MODIFY)
2017-12-30 02:07:34 /var/cmd.log (MODIFY)
2017-12-30 02:07:34 /var/cmd.log (MODIFY)
2017-12-30 02:07:35 /var/cmd.log (MODIFY)
2017-12-30 02:07:35 /var/cmd.log (MODIFY)
2017-12-30 02:07:35 /var/cmd.log (MODIFY)
2017-12-30 02:07:35 /var/cmd.log (MODIFY)
2017-12-30 02:07:42 /var/cmd.log (MODIFY)
2017-12-30 02:07:42 /var/cmd.log (MODIFY)
2017-12-30 02:07:42 /var/cmd.log (MODIFY)
2017-12-30 02:07:42 /var/cmd.log (MODIFY)
2017-12-30 02:07:42 /var/cmd.log (MODIFY)
2017-12-30 02:07:42 /var/cmd.log (MODIFY)
2017-12-30 02:07:44 /var/cmd.log (MODIFY)
2017-12-30 02:07:45 /var/cmd.log (MODIFY)
2017-12-30 02:07:45 /var/cmd.log (MODIFY)
2017-12-30 02:07:46 /var/cmd.log (MODIFY)
2017-12-30 02:07:47 /var/cmd.log (MODIFY)
2017-12-30 02:07:47 /var/cmd.log (MODIFY)
2017-12-30 02:07:47 /var/cmd.log (MODIFY)
2017-12-30 02:07:47 /var/cmd.log (MODIFY)
2017-12-30 02:07:57 /var/cmd.log (MODIFY)
2017-12-30 02:07:57 /var/cmd.log (MODIFY)
2017-12-30 02:07:57 /var/cmd.log (MODIFY)
2017-12-30 02:07:57 /var/cmd.log (MODIFY)
2017-12-30 02:07:57 /var/cmd.log (MODIFY)
2017-12-30 02:07:57 /var/cmd.log (MODIFY)
2017-12-30 02:07:57 /var/cmd.log (MODIFY)
2017-12-30 02:07:57 /var/cmd.log (MODIFY)
2017-12-30 02:07:57 /var/cmd.log (MODIFY)
2017-12-30 02:07:57 /var/cmd.log (MODIFY)
2017-12-30 02:07:59 /var/cmd.log (MODIFY)
2017-12-30 02:07:59 /var/cmd.log (MODIFY)
2017-12-30 02:07:59 /var/cmd.log (MODIFY)
2017-12-30 02:07:59 /var/cmd.log (MODIFY)
2017-12-30 02:07:59 /var/cmd.log (MODIFY)
2017-12-30 02:07:59 /var/cmd.log (MODIFY)
2017-12-30 02:08:00 /var/cmd.log (MODIFY)
2017-12-30 02:08:00 /var/cmd.log (MODIFY)
2017-12-30 02:08:00 /var/cmd.log (MODIFY)
2017-12-30 02:08:01 /var/cmd.log (MODIFY)
2017-12-30 02:08:01 /var/cmd.log (MODIFY)
2017-12-30 02:08:01 /var/cmd.log (MODIFY)
2017-12-30 02:08:01 /var/cmd.log (MODIFY)
2017-12-30 03:01:02 /var/cmd.log (MODIFY)
2017-12-30 03:01:02 /var/cmd.log (MODIFY)
2017-12-30 03:01:02 /var/cmd.log (MODIFY)
2017-12-30 03:01:06 /var/cmd.log (MODIFY)
2017-12-30 03:01:06 /var/cmd.log (MODIFY)
2017-12-30 03:01:06 /var/cmd.log (MODIFY)
2017-12-30 03:01:08 /var/cmd.log (MODIFY)
2017-12-30 03:01:08 /var/cmd.log (MODIFY)
2017-12-30 03:01:08 /var/cmd.log (MODIFY)
2017-12-30 03:01:09 /var/cmd.log (MODIFY)
2017-12-30 03:01:09 /var/cmd.log (MODIFY)
2017-12-30 03:01:09 /var/cmd.log (MODIFY)
2017-12-30 03:01:09 /var/cmd.log (MODIFY)
2017-12-30 03:01:09 /var/cmd.log (MODIFY)
2017-12-30 03:01:09 /var/cmd.log (MODIFY)
2017-12-30 03:01:09 /var/cmd.log (MODIFY)
2017-12-30 03:01:09 /var/cmd.log (MODIFY)
2017-12-30 03:01:09 /var/cmd.log (MODIFY)
2017-12-30 03:01:09 /var/cmd.log (MODIFY)
2017-12-30 03:01:09 /var/cmd.log (MODIFY)
2017-12-30 03:01:09 /var/cmd.log (MODIFY)
2017-12-30 03:01:09 /var/cmd.log (MODIFY)
2017-12-30 03:01:09 /var/cmd.log (MODIFY)
2017-12-30 03:01:09 /var/cmd.log (MODIFY)
2017-12-30 03:01:09 /var/cmd.log (MODIFY)
2017-12-30 03:01:17 /var/cmd.log (MODIFY)
2017-12-30 03:01:17 /var/cmd.log (MODIFY)
2017-12-30 03:01:17 /var/cmd.log (MODIFY)
2017-12-30 03:01:18 /var/cmd.log (MODIFY)
2017-12-30 03:01:18 /var/cmd.log (MODIFY)
2017-12-30 03:01:18 /var/cmd.log (MODIFY)
2017-12-30 03:01:19 /var/cmd.log (MODIFY)
2017-12-30 03:01:19 /var/cmd.log (MODIFY)
2017-12-30 03:01:20 /var/cmd.log (MODIFY)
2017-12-30 03:01:20 /var/cmd.log (MODIFY)
2017-12-30 03:01:20 /var/cmd.log (MODIFY)
2017-12-30 03:01:20 /var/cmd.log (MODIFY)
2017-12-30 03:01:20 /var/cmd.log (MODIFY)
2017-12-30 03:01:20 /var/cmd.log (MODIFY)
2017-12-30 03:01:21 /var/cmd.log (MODIFY)
2017-12-30 03:01:21 /var/cmd.log (MODIFY)
2017-12-30 03:01:21 /var/cmd.log (MODIFY)
2017-12-30 03:01:22 /var/cmd.log (MODIFY)
2017-12-30 03:01:22 /var/cmd.log (MODIFY)
2017-12-30 03:01:23 /var/cmd.log (MODIFY)
2017-12-30 03:01:23 /var/cmd.log (MODIFY)
2017-12-30 03:01:23 /var/cmd.log (MODIFY)
2017-12-30 03:01:23 /var/cmd.log (MODIFY)
2017-12-30 03:01:23 /var/cmd.log (MODIFY)
2017-12-30 03:01:23 /var/cmd.log (MODIFY)
2017-12-30 03:01:26 /var/cmd.log (MODIFY)
2017-12-30 03:01:26 /var/cmd.log (MODIFY)
2017-12-30 03:01:26 /var/cmd.log (MODIFY)
2017-12-30 03:01:26 /var/cmd.log (MODIFY)
2017-12-30 03:01:26 /var/cmd.log (MODIFY)
2017-12-30 03:01:26 /var/cmd.log (MODIFY)
2017-12-30 03:01:26 /var/cmd.log (MODIFY)
2017-12-30 03:29:09 /var/cmd.log (MODIFY)
2017-12-30 03:29:09 /var/cmd.log (MODIFY)
2017-12-30 03:29:09 /var/cmd.log (MODIFY)
2017-12-30 03:29:09 /var/cmd.log (MODIFY)
2017-12-30 03:29:10 /var/cmd.log (MODIFY)
2017-12-30 03:29:10 /var/cmd.log (MODIFY)
2017-12-30 03:29:11 /var/cmd.log (MODIFY)
2017-12-30 03:29:11 /var/cmd.log (MODIFY)
2017-12-30 03:29:11 /var/cmd.log (MODIFY)
2017-12-30 03:29:11 /var/cmd.log (MODIFY)
2017-12-30 03:29:14 /var/cmd.log (MODIFY)
2017-12-30 03:29:14 /var/cmd.log (MODIFY)
2017-12-30 03:29:14 /var/cmd.log (MODIFY)
2017-12-30 03:29:14 /var/cmd.log (MODIFY)
2017-12-30 03:29:15 /var/cmd.log (MODIFY)
2017-12-30 03:29:15 /var/cmd.log (MODIFY)
2018-01-07 09:16:09 /var/.cmd.log.swp (CREATE)
2018-01-07 09:16:09 /var/.cmd.log.swx (CREATE)
2018-01-07 09:16:09 /var/.cmd.log.swx (DELETE)
2018-01-07 09:16:09 /var/.cmd.log.swp (DELETE)
2018-01-07 09:16:09 /var/.cmd.log.swp (CREATE)
2018-01-07 09:16:09 /var/.cmd.log.swp (MODIFY)
2018-01-07 09:16:13 /var/.cmd.log.swp (MODIFY)
2018-01-07 09:16:27 /var/4913 (CREATE)
2018-01-07 09:16:27 /var/4913 (DELETE)
2018-01-07 09:16:27 /var/cmd.log (CREATE)
2018-01-07 09:16:27 /var/cmd.log (MODIFY)
2018-01-07 09:16:27 /var/cmd.log~ (DELETE)
2018-01-07 09:16:27 /var/.cmd.log.swp (DELETE)
2018-01-07 09:16:34 /var/cmd.log (DELETE)
2018-01-07 22:21:35 /etc/.a.swp (CREATE)
2018-01-07 22:21:35 /etc/.a.swpx (CREATE)
2018-01-07 22:21:35 /etc/.a.swpx (DELETE)
2018-01-07 22:21:35 /etc/.a.swp (DELETE)
2018-01-07 22:21:35 /etc/.a.swp (CREATE)
2018-01-07 22:21:35 /etc/.a.swp (MODIFY)
2018-01-07 22:21:37 /etc/.a.swp (MODIFY)
2018-01-07 22:21:39 /etc/a (CREATE)
2018-01-07 22:21:39 /etc/a (MODIFY)
2018-01-07 22:21:40 /etc/.a.swp (MODIFY)
2018-01-07 22:21:40 /etc/.a.swp (DELETE)
2018-01-07 22:22:42 /etc/.a.swp (CREATE)
2018-01-07 22:22:42 /etc/.a.swpx (CREATE)
2018-01-07 22:22:42 /etc/.a.swpx (DELETE)
2018-01-07 22:22:42 /etc/.a.swp (DELETE)
2018-01-07 22:22:42 /etc/.a.swp (CREATE)
2018-01-07 22:22:42 /etc/.a.swp (MODIFY)
2018-01-07 22:22:43 /etc/.a.swp (MODIFY)
2018-01-07 22:22:47 /etc/4913 (CREATE)
2018-01-07 22:22:47 /etc/4913 (DELETE)
2018-01-07 22:22:47 /etc/a (CREATE)
2018-01-07 22:22:47 /etc/a (MODIFY)
2018-01-07 22:22:47 /etc/.a.swp (MODIFY)
2018-01-07 22:22:47 /etc/a~ (DELETE)
2018-01-07 22:22:47 /etc/.a.swp (DELETE)
2018-01-07 22:27:56 /etc/.a.swp (CREATE)
2018-01-07 22:27:56 /etc/.a.swpx (CREATE)
2018-01-07 22:27:56 /etc/.a.swpx (DELETE)
2018-01-07 22:27:56 /etc/.a.swp (DELETE)
2018-01-07 22:27:56 /etc/.a.swp (CREATE)
2018-01-07 22:27:56 /etc/.a.swp (MODIFY)
2018-01-07 22:27:57 /etc/.a.swp (MODIFY)
2018-01-07 22:28:01 /etc/4913 (CREATE)
2018-01-07 22:28:01 /etc/4913 (DELETE)
2018-01-07 22:28:01 /etc/a (CREATE)
2018-01-07 22:28:01 /etc/a (MODIFY)
2018-01-07 22:28:01 /etc/.a.swp (MODIFY)
2018-01-07 22:28:01 /etc/a~ (DELETE)
2018-01-07 22:28:01 /etc/.a.swp (DELETE)
2018-01-07 22:32:36 /etc/.a.swp (CREATE)
2018-01-07 22:32:36 /etc/.a.swpx (CREATE)
2018-01-07 22:32:36 /etc/.a.swpx (DELETE)
2018-01-07 22:32:36 /etc/.a.swp (DELETE)
2018-01-07 22:32:36 /etc/.a.swp (CREATE)
2018-01-07 22:32:36 /etc/.a.swp (MODIFY)
2018-01-07 22:32:36 /etc/.a.swp (MODIFY)
2018-01-07 22:32:39 /etc/4913 (CREATE)
2018-01-07 22:32:39 /etc/4913 (DELETE)
2018-01-07 22:32:39 /etc/a (CREATE)
2018-01-07 22:32:39 /etc/a (MODIFY)
2018-01-07 22:32:39 /etc/.a.swp (MODIFY)
2018-01-07 22:32:39 /etc/a~ (DELETE)
2018-01-07 22:32:39 /etc/.a.swp (DELETE)
2018-01-07 22:37:55 /etc/.a.swp (CREATE)
2018-01-07 22:37:55 /etc/.a.swpx (CREATE)
2018-01-07 22:37:55 /etc/.a.swpx (DELETE)
2018-01-07 22:37:55 /etc/.a.swp (DELETE)
2018-01-07 22:37:55 /etc/.a.swp (CREATE)
2018-01-07 22:37:55 /etc/.a.swp (MODIFY)
2018-01-07 22:37:56 /etc/.a.swp (MODIFY)
2018-01-07 22:37:59 /etc/4913 (CREATE)
2018-01-07 22:37:59 /etc/4913 (DELETE)
2018-01-07 22:37:59 /etc/a (CREATE)
2018-01-07 22:37:59 /etc/a (MODIFY)
2018-01-07 22:37:59 /etc/.a.swp (MODIFY)
2018-01-07 22:37:59 /etc/a~ (DELETE)
2018-01-07 22:37:59 /etc/.a.swp (DELETE)
2018-01-07 22:45:17 /etc/.swp (CREATE)
2018-01-07 22:45:17 /etc/.swpx (CREATE)
2018-01-07 22:45:17 /etc/.swpx (DELETE)
2018-01-07 22:45:17 /etc/.swp (DELETE)
2018-01-07 22:45:17 /etc/.swp (CREATE)
2018-01-07 22:45:17 /etc/.swp (MODIFY)
2018-01-07 22:45:17 /etc/.swpx (CREATE)
2018-01-07 22:45:17 /etc/.swpx (DELETE)
2018-01-07 22:45:17 /etc/.swpx (CREATE)
2018-01-07 22:45:17 /etc/.swpx (DELETE)
2018-01-07 22:45:17 /etc/.swpx (CREATE)
2018-01-07 22:45:17 /etc/.swpx (DELETE)
2018-01-07 22:45:17 /etc/.swp (MODIFY)
2018-01-07 22:45:17 /etc/.swp (MODIFY)
2018-01-07 22:45:40 /etc/.a.swp (CREATE)
2018-01-07 22:45:40 /etc/.a.swpx (CREATE)
2018-01-07 22:45:40 /etc/.a.swpx (DELETE)
2018-01-07 22:45:40 /etc/.a.swp (DELETE)
2018-01-07 22:45:40 /etc/.a.swp (CREATE)
2018-01-07 22:45:40 /etc/.a.swp (MODIFY)
2018-01-07 22:45:42 /etc/.a.swp (MODIFY)
2018-01-07 22:45:45 /etc/4913 (CREATE)
2018-01-07 22:45:45 /etc/4913 (DELETE)
2018-01-07 22:45:45 /etc/a (CREATE)
2018-01-07 22:45:45 /etc/a (MODIFY)
2018-01-07 22:45:45 /etc/.a.swp (MODIFY)
2018-01-07 22:45:45 /etc/a~ (DELETE)
2018-01-07 22:45:45 /etc/.a.swp (DELETE)
2018-01-07 22:46:52 /etc/.a.swp (CREATE)
2018-01-07 22:46:52 /etc/.a.swpx (CREATE)
2018-01-07 22:46:52 /etc/.a.swpx (DELETE)
2018-01-07 22:46:52 /etc/.a.swp (DELETE)
2018-01-07 22:46:52 /etc/.a.swp (CREATE)
2018-01-07 22:46:52 /etc/.a.swp (MODIFY)
2018-01-07 22:46:54 /etc/4913 (CREATE)
2018-01-07 22:46:54 /etc/4913 (DELETE)
2018-01-07 22:46:54 /etc/a (CREATE)
2018-01-07 22:46:54 /etc/a (MODIFY)
2018-01-07 22:46:54 /etc/a~ (DELETE)
2018-01-07 22:46:54 /etc/.a.swp (DELETE)
2018-01-07 22:48:14 /etc/.a.swp (CREATE)
2018-01-07 22:48:14 /etc/.a.swpx (CREATE)
2018-01-07 22:48:14 /etc/.a.swpx (DELETE)
2018-01-07 22:48:14 /etc/.a.swp (DELETE)
2018-01-07 22:48:14 /etc/.a.swp (CREATE)
2018-01-07 22:48:14 /etc/.a.swp (MODIFY)
2018-01-07 22:48:16 /etc/.a.swp (MODIFY)
2018-01-07 22:48:20 /etc/4913 (CREATE)
2018-01-07 22:48:20 /etc/4913 (DELETE)
2018-01-07 22:48:20 /etc/a (CREATE)
2018-01-07 22:48:20 /etc/a (MODIFY)
2018-01-07 22:48:21 /etc/.a.swp (MODIFY)
2018-01-07 22:48:21 /etc/a~ (DELETE)
2018-01-07 22:48:21 /etc/.a.swp (DELETE)
2018-01-07 22:56:33 /etc/.a.swp (CREATE)
2018-01-07 22:56:33 /etc/.a.swpx (CREATE)
2018-01-07 22:56:33 /etc/.a.swpx (DELETE)
2018-01-07 22:56:33 /etc/.a.swp (DELETE)
2018-01-07 22:56:33 /etc/.a.swp (CREATE)
2018-01-07 22:56:33 /etc/.a.swp (MODIFY)
2018-01-07 22:56:35 /etc/.a.swp (MODIFY)
2018-01-07 22:56:36 /etc/4913 (CREATE)
2018-01-07 22:56:36 /etc/4913 (DELETE)
2018-01-07 22:56:36 /etc/a (CREATE)
2018-01-07 22:56:36 /etc/a (MODIFY)
2018-01-07 22:56:37 /etc/.a.swp (MODIFY)
2018-01-07 22:56:37 /etc/a~ (DELETE)
2018-01-07 22:56:37 /etc/.a.swp (DELETE)
2018-01-08 02:07:40 /etc/.a.swp (CREATE)
2018-01-08 02:07:40 /etc/.a.swpx (CREATE)
2018-01-08 02:07:40 /etc/.a.swpx (DELETE)
2018-01-08 02:07:40 /etc/.a.swp (DELETE)
2018-01-08 02:07:40 /etc/.a.swp (CREATE)
2018-01-08 02:07:40 /etc/.a.swp (MODIFY)
2018-01-08 02:07:43 /etc/.a.swp (MODIFY)
2018-01-08 02:07:46 /etc/4913 (CREATE)
2018-01-08 02:07:46 /etc/4913 (DELETE)
2018-01-08 02:07:46 /etc/a (CREATE)
2018-01-08 02:07:46 /etc/a (MODIFY)
2018-01-08 02:07:47 /etc/.a.swp (MODIFY)
2018-01-08 02:07:47 /etc/a~ (DELETE)
2018-01-08 02:07:47 /etc/.a.swp (DELETE)
2018-01-08 02:12:25 /etc/.a.swp (CREATE)
2018-01-08 02:12:25 /etc/.a.swpx (CREATE)
2018-01-08 02:12:25 /etc/.a.swpx (DELETE)
2018-01-08 02:12:25 /etc/.a.swp (DELETE)
2018-01-08 02:12:25 /etc/.a.swp (CREATE)
2018-01-08 02:12:25 /etc/.a.swp (MODIFY)
2018-01-08 02:12:27 /etc/.a.swp (MODIFY)
2018-01-08 02:12:28 /etc/4913 (CREATE)
2018-01-08 02:12:28 /etc/4913 (DELETE)
2018-01-08 02:12:29 /etc/a (CREATE)
2018-01-08 02:12:29 /etc/a (MODIFY)
2018-01-08 02:12:29 /etc/.a.swp (MODIFY)
2018-01-08 02:12:29 /etc/a~ (DELETE)
2018-01-08 02:12:29 /etc/.a.swp (DELETE)
2018-01-08 02:14:10 /etc/.a.swp (CREATE)
2018-01-08 02:14:10 /etc/.a.swpx (CREATE)
2018-01-08 02:14:10 /etc/.a.swpx (DELETE)
2018-01-08 02:14:10 /etc/.a.swp (DELETE)
2018-01-08 02:14:10 /etc/.a.swp (CREATE)
2018-01-08 02:14:10 /etc/.a.swp (MODIFY)
2018-01-08 02:14:12 /etc/.a.swp (MODIFY)
2018-01-08 02:14:14 /etc/4913 (CREATE)
2018-01-08 02:14:14 /etc/4913 (DELETE)
2018-01-08 02:14:14 /etc/a (CREATE)
2018-01-08 02:14:14 /etc/a (MODIFY)
2018-01-08 02:14:14 /etc/.a.swp (MODIFY)
2018-01-08 02:14:14 /etc/a~ (DELETE)
2018-01-08 02:14:14 /etc/.a.swp (DELETE)
2018-01-08 02:17:49 /etc/.a.swp (CREATE)
2018-01-08 02:17:49 /etc/.a.swpx (CREATE)
2018-01-08 02:17:49 /etc/.a.swpx (DELETE)
2018-01-08 02:17:49 /etc/.a.swp (DELETE)
2018-01-08 02:17:49 /etc/.a.swp (CREATE)
2018-01-08 02:17:49 /etc/.a.swp (MODIFY)
2018-01-08 02:17:51 /etc/.a.swp (MODIFY)
2018-01-08 02:17:53 /etc/4913 (CREATE)
2018-01-08 02:17:53 /etc/4913 (DELETE)
2018-01-08 02:17:53 /etc/a (CREATE)
2018-01-08 02:17:53 /etc/a (MODIFY)
2018-01-08 02:17:53 /etc/.a.swp (MODIFY)
2018-01-08 02:17:53 /etc/a~ (DELETE)
2018-01-08 02:17:53 /etc/.a.swp (DELETE)
2018-01-08 02:29:36 /etc/.a.swp (CREATE)
2018-01-08 02:29:36 /etc/.a.swpx (CREATE)
2018-01-08 02:29:36 /etc/.a.swpx (DELETE)
2018-01-08 02:29:36 /etc/.a.swp (DELETE)
2018-01-08 02:29:36 /etc/.a.swp (CREATE)
2018-01-08 02:29:36 /etc/.a.swp (MODIFY)
2018-01-08 02:29:38 /etc/.a.swp (MODIFY)
2018-01-08 02:29:39 /etc/4913 (CREATE)
2018-01-08 02:29:39 /etc/4913 (DELETE)
2018-01-08 02:29:39 /etc/a (CREATE)
2018-01-08 02:29:39 /etc/a (MODIFY)
2018-01-08 02:29:39 /etc/.a.swp (MODIFY)
2018-01-08 02:29:39 /etc/a~ (DELETE)
2018-01-08 02:29:39 /etc/.a.swp (DELETE)
2018-01-12 12:12:22 /etc/.passwd.swp (CREATE)
2018-01-12 12:12:22 /etc/.passwd.swpx (CREATE)
2018-01-12 12:12:22 /etc/.passwd.swpx (DELETE)
2018-01-12 12:12:22 /etc/.passwd.swp (DELETE)
2018-01-12 12:12:22 /etc/.passwd.swp (CREATE)
2018-01-12 12:12:22 /etc/.passwd.swp (MODIFY)
2018-01-12 12:12:26 /etc/.passwd.swp (MODIFY)
2018-01-12 12:12:35 /etc/4913 (CREATE)
2018-01-12 12:12:35 /etc/4913 (DELETE)
2018-01-12 12:12:35 /etc/passwd (CREATE)
2018-01-12 12:12:35 /etc/passwd (MODIFY)
2018-01-12 12:12:35 /etc/passwd~ (DELETE)
2018-01-12 12:12:35 /etc/.passwd.swp (DELETE)
2018-01-15 01:53:03 /var/.a.swp (CREATE)
2018-01-15 01:53:03 /var/.a.swpx (CREATE)
2018-01-15 01:53:03 /var/.a.swpx (DELETE)
2018-01-15 01:53:03 /var/.a.swp (DELETE)
2018-01-15 01:53:03 /var/.a.swp (CREATE)
2018-01-15 01:53:03 /var/.a.swp (MODIFY)
2018-01-15 01:53:04 /var/a (CREATE)
2018-01-15 01:53:05 /var/.a.swp (DELETE)
2018-01-15 01:55:07 /etc/.a.swp (CREATE)
2018-01-15 01:55:07 /etc/.a.swpx (CREATE)
2018-01-15 01:55:07 /etc/.a.swpx (DELETE)
2018-01-15 01:55:07 /etc/.a.swp (DELETE)
2018-01-15 01:55:07 /etc/.a.swp (CREATE)
2018-01-15 01:55:07 /etc/.a.swp (MODIFY)
2018-01-15 01:55:08 /etc/.a.swp (MODIFY)
2018-01-15 01:55:11 /etc/4913 (CREATE)
2018-01-15 01:55:11 /etc/4913 (DELETE)
2018-01-15 01:55:11 /etc/a (CREATE)
2018-01-15 01:55:11 /etc/a (MODIFY)
2018-01-15 01:55:11 /etc/.a.swp (MODIFY)
2018-01-15 01:55:11 /etc/a~ (DELETE)
2018-01-15 01:55:11 /etc/.a.swp (DELETE)
2018-01-15 01:57:17 /etc/.a.swp (CREATE)
2018-01-15 01:57:17 /etc/.a.swpx (CREATE)
2018-01-15 01:57:17 /etc/.a.swpx (DELETE)
2018-01-15 01:57:17 /etc/.a.swp (DELETE)
2018-01-15 01:57:17 /etc/.a.swp (CREATE)
2018-01-15 01:57:17 /etc/.a.swp (MODIFY)
2018-01-15 01:57:18 /etc/.a.swp (MODIFY)
2018-01-15 01:57:20 /etc/4913 (CREATE)
2018-01-15 01:57:20 /etc/4913 (DELETE)
2018-01-15 01:57:20 /etc/a (CREATE)
2018-01-15 01:57:20 /etc/a (MODIFY)
2018-01-15 01:57:20 /etc/.a.swp (MODIFY)
2018-01-15 01:57:20 /etc/a~ (DELETE)
2018-01-15 01:57:20 /etc/.a.swp (DELETE)
2018-01-15 10:12:53 /etc/php.ini (DELETE)
2018-01-15 10:12:53 /etc/php.d (DELETE,ISDIR)
2018-01-15 10:13:50 /etc/httpd (DELETE,ISDIR)
2018-01-15 10:14:24 /etc/httpd (CREATE,ISDIR)
2018-01-15 10:14:36 /etc/php.d (CREATE,ISDIR)
2018-01-15 10:14:36 /etc/php.ini;5a5c007c (CREATE)
2018-01-15 10:14:36 /etc/php.ini;5a5c007c (MODIFY)
2018-01-15 10:14:36 /etc/php.ini;5a5c007c (MODIFY)
2018-01-15 10:19:57 /etc/.http.swp (CREATE)
2018-01-15 10:19:57 /etc/.http.swpx (CREATE)
2018-01-15 10:19:57 /etc/.http.swpx (DELETE)
2018-01-15 10:19:57 /etc/.http.swp (DELETE)
2018-01-15 10:19:57 /etc/.http.swp (CREATE)
2018-01-15 10:19:57 /etc/.http.swp (MODIFY)
2018-01-15 10:19:59 /etc/.http.swp (DELETE)
2018-01-16 16:19:20 /etc/.a.swp (CREATE)
2018-01-16 16:19:20 /etc/.a.swpx (CREATE)
2018-01-16 16:19:20 /etc/.a.swpx (DELETE)
2018-01-16 16:19:20 /etc/.a.swp (DELETE)
2018-01-16 16:19:20 /etc/.a.swp (CREATE)
2018-01-16 16:19:20 /etc/.a.swp (MODIFY)
2018-01-16 16:19:20 /etc/.a.swp (MODIFY)
2018-01-16 16:19:22 /etc/4913 (CREATE)
2018-01-16 16:19:22 /etc/4913 (DELETE)
2018-01-16 16:19:22 /etc/a (CREATE)
2018-01-16 16:19:22 /etc/a (MODIFY)
2018-01-16 16:19:22 /etc/.a.swp (MODIFY)
2018-01-16 16:19:22 /etc/a~ (DELETE)
2018-01-16 16:19:22 /etc/.a.swp (DELETE)
2018-01-16 16:20:16 /var/.a.swp (CREATE)
2018-01-16 16:20:16 /var/.a.swpx (CREATE)
2018-01-16 16:20:16 /var/.a.swpx (DELETE)
2018-01-16 16:20:16 /var/.a.swp (DELETE)
2018-01-16 16:20:16 /var/.a.swp (CREATE)
2018-01-16 16:20:16 /var/.a.swp (MODIFY)
2018-01-16 16:20:17 /var/.a.swp (MODIFY)
2018-01-16 16:20:18 /var/4913 (CREATE)
2018-01-16 16:20:18 /var/4913 (DELETE)
2018-01-16 16:20:18 /var/a (CREATE)
2018-01-16 16:20:18 /var/a (MODIFY)
2018-01-16 16:20:18 /var/.a.swp (MODIFY)
2018-01-16 16:20:18 /var/a~ (DELETE)
2018-01-16 16:20:18 /var/.a.swp (DELETE)
