Jun 05 02:56:55 Erased: grub
Jun 05 02:56:55 Erased: dracut-kernel
Jun 05 02:56:56 Erased: dracut
Jun 05 02:56:56 Erased: kbd
Jun 05 02:56:56 Erased: iproute
Jun 05 02:56:56 Erased: iptables
Jun 05 02:56:56 Erased: policycoreutils
Jun 05 02:56:56 Erased: util-linux-ng
Jun 05 02:56:56 Erased: libdrm
Jun 05 02:56:56 Erased: iputils
Jun 05 02:56:56 Erased: udev
Jun 05 02:56:56 Erased: plymouth
Jun 05 02:56:56 Erased: initscripts
Jun 05 02:56:56 Erased: libpciaccess
Jun 05 02:56:56 Erased: hwdata
Jun 05 02:56:56 Erased: redhat-logos
Jun 05 02:56:57 Erased: grubby
Jun 05 02:56:58 Erased: e2fsprogs
Jun 05 02:56:58 Erased: kbd-misc
Jun 05 02:56:58 Erased: kernel-firmware
Jun 05 02:56:58 Erased: e2fsprogs-libs
Jun 05 02:56:58 Erased: libss
Jun 05 02:56:58 Erased: dbus-glib
Jun 05 02:56:58 Erased: sysvinit-tools
Jun 05 02:56:58 Erased: upstart
Dec 18 08:19:35 Installed: epel-release-6-8.noarch
Dec 18 08:20:00 Installed: hwdata-0.233-18.1.el6.noarch
Dec 18 08:20:00 Updated: libuuid-2.17.2-12.28.el6_9.1.x86_64
Dec 18 08:20:01 Installed: sysvinit-tools-2.87-6.dsf.el6.x86_64
Dec 18 08:20:01 Updated: libblkid-2.17.2-12.28.el6_9.1.x86_64
Dec 18 08:20:02 Installed: libpciaccess-0.13.4-1.el6.x86_64
Dec 18 08:20:03 Installed: fipscheck-lib-1.2.0-7.el6.x86_64
Dec 18 08:20:03 Installed: fipscheck-1.2.0-7.el6.x86_64
Dec 18 08:20:04 Installed: tcp_wrappers-libs-7.6-58.el6.x86_64
Dec 18 08:20:05 Installed: redhat-logos-60.0.14-12.el6.centos.noarch
Dec 18 08:20:06 Installed: dbus-glib-0.86-6.el6.x86_64
Dec 18 08:20:06 Installed: upstart-0.6.5-16.el6.x86_64
Dec 18 08:20:07 Installed: policycoreutils-2.0.83-30.1.el6_8.x86_64
Dec 18 08:20:08 Installed: iptables-1.4.7-16.el6.x86_64
Dec 18 08:20:09 Installed: iproute-2.6.32-54.el6.x86_64
Dec 18 08:20:09 Installed: libdrm-2.4.65-2.el6.x86_64
Dec 18 08:20:10 Installed: plymouth-0.8.3-29.el6.centos.x86_64
Dec 18 08:20:11 Installed: iputils-20071127-24.el6.x86_64
Dec 18 08:20:12 Installed: util-linux-ng-2.17.2-12.28.el6_9.1.x86_64
Dec 18 08:20:13 Installed: initscripts-9.03.58-1.el6.centos.2.x86_64
Dec 18 08:20:15 Installed: udev-147-2.73.el6_8.2.x86_64
Dec 18 08:20:15 Installed: openssh-5.3p1-123.el6_9.x86_64
Dec 18 08:20:17 Installed: openssh-server-5.3p1-123.el6_9.x86_64
Dec 18 08:21:32 Updated: glibc-2.12-1.209.el6_9.2.x86_64
Dec 18 08:21:40 Updated: glibc-common-2.12-1.209.el6_9.2.x86_64
Dec 18 08:21:41 Installed: mpfr-2.4.1-6.el6.x86_64
Dec 18 08:21:42 Installed: cpp-4.4.7-18.el6.x86_64
Dec 18 08:21:43 Installed: libgomp-4.4.7-18.el6.x86_64
Dec 18 08:21:44 Installed: ppl-0.10.2-11.el6.x86_64
Dec 18 08:21:45 Installed: cloog-ppl-0.15.7-1.2.el6.x86_64
Dec 18 08:21:46 Installed: kernel-headers-2.6.32-696.16.1.el6.x86_64
Dec 18 08:21:47 Installed: glibc-headers-2.12-1.209.el6_9.2.x86_64
Dec 18 08:21:47 Installed: glibc-devel-2.12-1.209.el6_9.2.x86_64
Dec 18 08:21:49 Installed: gcc-4.4.7-18.el6.x86_64
Dec 18 08:21:50 Installed: libstdc++-devel-4.4.7-18.el6.x86_64
Dec 18 08:21:51 Installed: gcc-c++-4.4.7-18.el6.x86_64
Dec 18 08:21:54 Installed: 2:nodejs-8.9.3-1nodesource.x86_64
Dec 18 08:22:15 Installed: 1:perl-Pod-Escapes-1.04-144.el6.x86_64
Dec 18 08:22:16 Installed: 4:perl-libs-5.10.1-144.el6.x86_64
Dec 18 08:22:16 Installed: 1:perl-Pod-Simple-3.13-144.el6.x86_64
Dec 18 08:22:17 Installed: 1:perl-Module-Pluggable-3.90-144.el6.x86_64
Dec 18 08:22:17 Installed: 3:perl-version-0.77-144.el6.x86_64
Dec 18 08:22:20 Installed: 4:perl-5.10.1-144.el6.x86_64
Dec 18 08:22:20 Installed: gpm-libs-1.20.6-12.el6.x86_64
Dec 18 08:22:20 Installed: 2:vim-filesystem-7.4.629-5.el6_8.1.x86_64
Dec 18 08:22:22 Installed: 2:vim-common-7.4.629-5.el6_8.1.x86_64
Dec 18 08:22:23 Installed: 2:vim-enhanced-7.4.629-5.el6_8.1.x86_64
Dec 18 08:22:32 Installed: inotify-tools-3.14-1.el6.x86_64
Dec 19 08:12:08 Installed: sudo-1.8.6p3-29.el6_9.x86_64
Dec 19 09:08:35 Installed: apr-1.3.9-5.el6_9.1.x86_64
Dec 19 09:08:36 Installed: apr-util-1.3.9-3.el6_0.1.x86_64
Dec 19 09:08:36 Installed: httpd-tools-2.2.15-60.el6.centos.6.x86_64
Dec 19 09:08:36 Installed: apr-util-ldap-1.3.9-3.el6_0.1.x86_64
Dec 19 09:08:37 Installed: mailcap-2.1.31-2.el6.noarch
Dec 19 09:08:39 Installed: httpd-2.2.15-60.el6.centos.6.x86_64
Dec 19 09:10:33 Erased: httpd
Dec 19 09:10:33 Erased: httpd-tools
Dec 19 09:10:34 Erased: apr-util-ldap
Dec 19 09:10:34 Erased: apr-util
Dec 19 09:10:34 Erased: apr
Dec 19 09:13:17 Installed: apr-1.3.9-5.el6_9.1.x86_64
Dec 19 09:13:17 Installed: apr-util-1.3.9-3.el6_0.1.x86_64
Dec 19 09:13:18 Installed: httpd-tools-2.2.15-60.el6.centos.6.x86_64
Dec 19 09:13:18 Installed: apr-util-ldap-1.3.9-3.el6_0.1.x86_64
Dec 19 09:13:20 Installed: httpd-2.2.15-60.el6.centos.6.x86_64
Dec 19 13:10:42 Installed: php-common-5.3.3-49.el6.x86_64
Dec 19 13:10:43 Installed: libedit-2.11-4.20080712cvs.1.el6.x86_64
Dec 19 13:10:44 Installed: php-cli-5.3.3-49.el6.x86_64
Dec 19 13:10:45 Installed: php-5.3.3-49.el6.x86_64
Dec 21 10:12:03 Installed: 1:perl-Error-0.17015-4.el6.noarch
Dec 21 10:12:04 Installed: openssh-clients-5.3p1-123.el6_9.x86_64
Dec 21 10:12:04 Installed: rsync-3.0.6-12.el6.x86_64
Dec 21 10:12:05 Installed: perl-Git-1.7.1-9.el6_9.noarch
Dec 21 10:12:07 Installed: git-1.7.1-9.el6_9.x86_64
Dec 21 17:52:34 Erased: php
Dec 21 17:52:46 Erased: httpd
Dec 21 17:52:47 Erased: httpd-tools
Dec 21 17:53:17 Installed: httpd-tools-2.2.15-60.el6.centos.6.x86_64
Dec 21 17:53:18 Installed: httpd-2.2.15-60.el6.centos.6.x86_64
Dec 30 02:03:01 Installed: mongodb-org-shell-3.4.10-1.el6.x86_64
Dec 30 02:03:03 Installed: mongodb-org-mongos-3.4.10-1.el6.x86_64
Dec 30 02:03:07 Installed: mongodb-org-tools-3.4.10-1.el6.x86_64
Dec 30 02:03:10 Installed: mongodb-org-server-3.4.10-1.el6.x86_64
Dec 30 02:03:10 Installed: mongodb-org-3.4.10-1.el6.x86_64
Jan 06 17:42:18 Installed: 1:nkf-2.0.8b-6.2.el6.x86_64
Jan 10 02:53:56 Erased: httpd
Jan 10 02:57:50 Installed: httpd-2.2.15-60.el6.centos.6.x86_64
Jan 11 14:43:25 Erased: httpd
Jan 11 14:43:31 Erased: httpd-tools
Jan 12 15:19:52 Installed: httpd-tools-2.2.15-60.el6.centos.6.x86_64
Jan 12 15:19:54 Installed: httpd-2.2.15-60.el6.centos.6.x86_64
Jan 15 02:26:35 Erased: httpd
Jan 15 02:26:59 Erased: httpd-tools
Jan 15 02:28:09 Installed: httpd-tools-2.2.15-60.el6.centos.6.x86_64
Jan 15 02:28:10 Installed: httpd-2.2.15-60.el6.centos.6.x86_64
Jan 15 10:12:44 Erased: httpd
Jan 15 10:12:45 Erased: httpd-tools
Jan 15 10:12:52 Erased: php-cli
Jan 15 10:12:53 Erased: php-common
Jan 15 10:14:24 Installed: httpd-tools-2.2.15-60.el6.centos.6.x86_64
Jan 15 10:14:25 Installed: httpd-2.2.15-60.el6.centos.6.x86_64
Jan 15 10:14:36 Installed: php-common-5.3.3-49.el6.x86_64
Jan 15 10:14:37 Installed: php-cli-5.3.3-49.el6.x86_64
Jan 15 10:14:38 Installed: php-5.3.3-49.el6.x86_64
Jan 15 11:22:11 Erased: php
Jan 15 11:22:22 Erased: httpd
Jan 15 11:22:22 Erased: httpd-tools
Jan 15 14:22:20 Installed: httpd-tools-2.2.15-60.el6.centos.6.x86_64
Jan 15 14:22:21 Installed: httpd-2.2.15-60.el6.centos.6.x86_64
Jan 15 15:22:19 Erased: httpd
Jan 15 15:22:20 Erased: httpd-tools
Jan 16 14:11:24 Installed: httpd-tools-2.2.15-60.el6.centos.6.x86_64
Jan 16 14:11:26 Installed: httpd-2.2.15-60.el6.centos.6.x86_64
Jan 16 14:17:21 Erased: httpd
Jan 16 14:17:22 Erased: httpd-tools
Jan 16 15:33:40 Installed: httpd-tools-2.2.15-60.el6.centos.6.x86_64
Jan 16 15:33:41 Installed: httpd-2.2.15-60.el6.centos.6.x86_64
Jan 16 18:17:05 Installed: php-5.3.3-49.el6.x86_64
Jan 16 18:32:03 Installed: python-devel-2.6.6-66.el6_8.x86_64
Jan 17 02:24:52 Erased: php
Jan 17 02:25:12 Erased: httpd
Jan 17 02:25:16 Erased: httpd-tools
Jan 17 02:34:24 Installed: httpd-tools-2.2.15-60.el6.centos.6.x86_64
Jan 17 02:34:44 Installed: httpd-2.2.15-60.el6.centos.6.x86_64
Jan 17 06:32:18 Installed: php-5.3.3-49.el6.x86_64
Jan 17 09:10:12 Erased: php
Jan 17 09:10:28 Erased: httpd
Jan 17 09:10:33 Erased: httpd-tools
Jan 17 09:12:47 Installed: httpd-tools-2.2.15-60.el6.centos.6.x86_64
Jan 17 09:13:05 Installed: httpd-2.2.15-60.el6.centos.6.x86_64
Jan 17 09:14:53 Installed: php-5.3.3-49.el6.x86_64
Jan 17 11:14:39 Erased: php
Jan 17 11:15:34 Installed: php-5.3.3-49.el6.x86_64
Jan 17 11:16:33 Erased: php
Jan 17 11:17:16 Installed: php-5.3.3-49.el6.x86_64
